--------------------started-------------------
1/1224
2/1224
3/1224
4/1224
5/1224
6/1224
7/1224
8/1224
9/1224
10/1224
11/1224
12/1224
13/1224
14/1224
15/1224
16/1224
17/1224
18/1224
19/1224
20/1224
21/1224
22/1224
23/1224
24/1224
25/1224
26/1224
27/1224
28/1224
29/1224
30/1224
31/1224
32/1224
33/1224
34/1224
35/1224
36/1224
37/1224
38/1224
39/1224
40/1224
41/1224
42/1224
43/1224
44/1224
45/1224
46/1224
47/1224
48/1224
49/1224
50/1224
51/1224
52/1224
53/1224
54/1224
55/1224
56/1224
57/1224
58/1224
59/1224
60/1224
61/1224
62/1224
63/1224
64/1224
65/1224
66/1224
67/1224
68/1224
69/1224
70/1224
71/1224
72/1224
73/1224
74/1224
75/1224
76/1224
77/1224
78/1224
79/1224
80/1224
81/1224
82/1224
83/1224
84/1224
85/1224
86/1224
87/1224
88/1224
89/1224
90/1224
91/1224
92/1224
93/1224
94/1224
95/1224
96/1224
97/1224
98/1224
99/1224
100/1224
101/1224
102/1224
103/1224
104/1224
105/1224
106/1224
107/1224
108/1224
109/1224
110/1224
111/1224
112/1224
113/1224
114/1224
115/1224
116/1224
117/1224
118/1224
119/1224
120/1224
121/1224
122/1224
123/1224
124/1224
125/1224
126/1224
127/1224
128/1224
129/1224
130/1224
131/1224
132/1224
133/1224
134/1224
135/1224
136/1224
137/1224
138/1224
139/1224
140/1224
141/1224
142/1224
143/1224
144/1224
145/1224
146/1224
147/1224
148/1224
149/1224
--------------------started-------------------
failed: ./sap_gcr_gpu.py -n 20 -r 1e-6 -i ../matrix/cgne_init_4096_dble_csr.dat -nr --ddtype binary64 --cdtype binary32 --sdtype binary32 -b0 4  -b1 4  -b2 4  -b3 4 --nkv 7 --ncy 12 --nmr 2  --nmx 417  -o sap_post_processing/sap_gcr_sf_8x8x8x8_r1e-6_dd_b64_cd_b32_sd_b32_bs_4x4x4x4_nkv7_ncy12_nmr2_cpu_batch1.json
112/1224
failed: ./sap_gcr_gpu.py -n 20 -r 1e-6 -i ../matrix/cgne_init_4096_dble_csr.dat -nr --ddtype binary64 --cdtype binary32 --sdtype binary32 -b0 4  -b1 4  -b2 4  -b3 4 --nkv 7 --ncy 2  --nmr 12 --nmx 417  -o sap_post_processing/sap_gcr_sf_8x8x8x8_r1e-6_dd_b64_cd_b32_sd_b32_bs_4x4x4x4_nkv7_ncy2_nmr12_cpu_batch1.json
113/1224
--------------------started-------------------
148/1224
149/1224
150/1224
151/1224
152/1224
153/1224
154/1224
155/1224
156/1224
157/1224
158/1224
159/1224
160/1224
161/1224
162/1224
163/1224
164/1224
165/1224
166/1224
167/1224
168/1224
169/1224
170/1224
171/1224
172/1224
173/1224
174/1224
175/1224
176/1224
177/1224
178/1224
failed: ./sap_gcr_gpu.py -n 20 -r 1e-6 -i ../matrix/cgne_init_65536_dble_csr.dat -nr --ddtype binary64 --cdtype binary64 --sdtype binary64 -b0 8  -b1 8  -b2 8  -b3 4 --nkv 7 --ncy 8  --nmr 4  --nmx 313  -o sap_post_processing/sap_gcr_sf_16x16x16x16_r1e-6_dd_b64_cd_b64_sd_b64_bs_8x8x8x4_nkv7_ncy8_nmr4_cpu_batch1.json
179/1224
failed: ./sap_gcr_gpu.py -n 20 -r 1e-6 -i ../matrix/cgne_init_65536_dble_csr.dat -nr --ddtype binary64 --cdtype binary64 --sdtype binary64 -b0 8  -b1 8  -b2 8  -b3 4 --nkv 7 --ncy 4  --nmr 12 --nmx 210  -o sap_post_processing/sap_gcr_sf_16x16x16x16_r1e-6_dd_b64_cd_b64_sd_b64_bs_8x8x8x4_nkv7_ncy4_nmr12_cpu_batch1.json
180/1224
failed: ./sap_gcr_gpu.py -n 20 -r 1e-6 -i ../matrix/cgne_init_65536_dble_csr.dat -nr --ddtype binary64 --cdtype binary64 --sdtype binary64 -b0 8  -b1 8  -b2 8  -b3 8 --nkv 7 -np -nr --nmx 10000  -o sap_post_processing/sap_gcr_sf_16x16x16x16_r1e-6_dd_b64_cd_b64_sd_b64_bs_8x8x8x8_nkv7_np_cpu_batch1.json
181/1224
--------------------started-------------------
177/1224
178/1224
179/1224
180/1224
181/1224
182/1224
183/1224
184/1224
185/1224
186/1224
187/1224
188/1224
189/1224
failed: ./sap_gcr_hybrid.py -n 20 -r 1e-6 -i ../matrix/cgne_init_4096_dble_csr.dat -m ../matrix/conf6_0-8x8-20/conf6_0-8x8-20.mtx -kc 0.15717 -k 0.15717 --ddtype binary64 --cdtype binary32 --sdtype binary32 -b0 8  -b1 8  -b2 8  -b3 4 --nkv 7 --ncy 4  --nmr 20 --nmx 125 --device hybrid -o sap_post_processing/sap_gcr_conf6_0-8x8-20_8x8x8x8_k_0.15717_r1e-6_dd_b64_cd_b32_sd_b32_bs_8x8x8x4_nkv7_ncy4_nmr20_hybrid_batch1.json
failed: ./sap_gcr_hybrid.py -n 20 -r 1e-6 -i ../matrix/cgne_init_4096_dble_csr.dat -m ../matrix/conf6_0-8x8-20/conf6_0-8x8-20.mtx -kc 0.15717 -k 0.15717 --ddtype binary64 --cdtype binary32 --sdtype binary32 -b0 8  -b1 8  -b2 8  -b3 4 --nkv 7 --ncy 4  --nmr 20 --nmx 125 --device hybrid -o sap_post_processing/sap_gcr_conf6_0-8x8-20_8x8x8x8_k_0.15717_r1e-6_dd_b64_cd_b32_sd_b32_bs_8x8x8x4_nkv7_ncy4_nmr20_hybrid_batch1.json
failed: ./sap_gcr_hybrid.py -n 20 -r 1e-6 -i ../matrix/cgne_init_65536_dble_csr.dat -nr --ddtype binary64 --cdtype binary64 --sdtype binary64 -b0 8  -b1 8  -b2 8  -b3 4 --nkv 7 --ncy 4  --nmr 2  --nmx 1250 --device cpu -o sap_post_processing/sap_gcr_sf_16x16x16x16_r1e-6_dd_b64_cd_b64_sd_b64_bs_8x8x8x4_nkv7_ncy4_nmr2_cpu_batch1.json
--------------------started-------------------
1/1836
2/1836
3/1836
4/1836
5/1836
6/1836
7/1836
8/1836
9/1836
10/1836
11/1836
12/1836
13/1836
14/1836
15/1836
16/1836
17/1836
18/1836
19/1836
20/1836
21/1836
22/1836
23/1836
24/1836
25/1836
26/1836
27/1836
28/1836
29/1836
30/1836
31/1836
32/1836
33/1836
34/1836
35/1836
36/1836
37/1836
38/1836
39/1836
40/1836
41/1836
42/1836
43/1836
44/1836
45/1836
46/1836
47/1836
48/1836
49/1836
50/1836
51/1836
52/1836
53/1836
54/1836
55/1836
56/1836
57/1836
58/1836
59/1836
60/1836
61/1836
62/1836
63/1836
64/1836
65/1836
66/1836
67/1836
68/1836
69/1836
70/1836
71/1836
72/1836
73/1836
74/1836
75/1836
76/1836
77/1836
78/1836
79/1836
80/1836
81/1836
82/1836
83/1836
84/1836
85/1836
86/1836
87/1836
88/1836
89/1836
90/1836
91/1836
92/1836
93/1836
94/1836
95/1836
96/1836
97/1836
98/1836
99/1836
100/1836
101/1836
102/1836
103/1836
104/1836
105/1836
106/1836
107/1836
108/1836
109/1836
110/1836
111/1836
112/1836
113/1836
114/1836
115/1836
116/1836
117/1836
118/1836
119/1836
120/1836
121/1836
122/1836
123/1836
124/1836
125/1836
126/1836
127/1836
128/1836
129/1836
130/1836
131/1836
132/1836
133/1836
134/1836
135/1836
136/1836
137/1836
138/1836
139/1836
140/1836
141/1836
142/1836
143/1836
144/1836
145/1836
146/1836
147/1836
148/1836
149/1836
150/1836
151/1836
152/1836
153/1836
154/1836
155/1836
156/1836
157/1836
158/1836
159/1836
160/1836
161/1836
162/1836
163/1836
164/1836
165/1836
166/1836
167/1836
168/1836
169/1836
170/1836
171/1836
172/1836
173/1836
174/1836
175/1836
176/1836
177/1836
178/1836
179/1836
180/1836
181/1836
182/1836
183/1836
184/1836
185/1836
186/1836
187/1836
188/1836
189/1836
failed: ./sap_gcr_hybrid.py -n 20 -r 1e-6 -i ../matrix/cgne_init_65536_dble_csr.dat -nr --ddtype binary64 --cdtype binary64 --sdtype binary64 -b0 16 -b1 8  -b2 8  -b3 8 --nkv 7 --ncy 2  --nmr 8  --nmx 625 --device cpu -o sap_post_processing/sap_gcr_sf_16x16x16x16_r1e-6_dd_b64_cd_b64_sd_b64_bs_16x8x8x8_nkv7_ncy2_nmr8_cpu_batch1.json
190/1836
--------------------started-------------------
1/1836
2/1836
3/1836
4/1836
5/1836
6/1836
7/1836
8/1836
9/1836
10/1836
11/1836
12/1836
13/1836
14/1836
15/1836
16/1836
17/1836
18/1836
19/1836
20/1836
21/1836
22/1836
23/1836
24/1836
25/1836
26/1836
27/1836
28/1836
29/1836
30/1836
31/1836
32/1836
33/1836
34/1836
35/1836
36/1836
37/1836
38/1836
39/1836
40/1836
41/1836
42/1836
43/1836
44/1836
45/1836
46/1836
47/1836
48/1836
49/1836
50/1836
51/1836
52/1836
53/1836
54/1836
55/1836
56/1836
57/1836
58/1836
59/1836
60/1836
61/1836
62/1836
63/1836
64/1836
65/1836
66/1836
67/1836
68/1836
69/1836
70/1836
71/1836
72/1836
73/1836
74/1836
75/1836
76/1836
77/1836
78/1836
79/1836
80/1836
81/1836
82/1836
83/1836
84/1836
85/1836
86/1836
87/1836
88/1836
89/1836
90/1836
91/1836
92/1836
93/1836
94/1836
95/1836
96/1836
97/1836
98/1836
99/1836
100/1836
101/1836
102/1836
103/1836
104/1836
105/1836
106/1836
107/1836
108/1836
109/1836
110/1836
111/1836
112/1836
113/1836
114/1836
115/1836
116/1836
117/1836
118/1836
119/1836
120/1836
121/1836
122/1836
123/1836
124/1836
125/1836
126/1836
127/1836
128/1836
129/1836
130/1836
131/1836
132/1836
133/1836
134/1836
135/1836
136/1836
137/1836
138/1836
139/1836
140/1836
141/1836
142/1836
143/1836
144/1836
145/1836
146/1836
147/1836
148/1836
149/1836
150/1836
151/1836
152/1836
153/1836
154/1836
155/1836
156/1836
157/1836
158/1836
159/1836
160/1836
161/1836
162/1836
163/1836
164/1836
165/1836
166/1836
167/1836
168/1836
169/1836
170/1836
171/1836
172/1836
173/1836
174/1836
175/1836
176/1836
177/1836
178/1836
179/1836
180/1836
181/1836
182/1836
183/1836
184/1836
185/1836
186/1836
187/1836
188/1836
189/1836
190/1836
191/1836
192/1836
193/1836
194/1836
195/1836
196/1836
197/1836
198/1836
199/1836
200/1836
201/1836
202/1836
203/1836
204/1836
205/1836
206/1836
207/1836
208/1836
209/1836
failed: ./sap_gcr_hybrid.py -n 20 -r 1e-6 -i ../matrix/cgne_init_65536_dble_csr.dat -nr --ddtype binary64 --cdtype binary64 --sdtype binary32 -b0 4  -b1 4  -b2 4  -b3 4 --nkv 7 --ncy 4  --nmr 12 --nmx 210 --device cpu -o sap_post_processing/sap_gcr_sf_16x16x16x16_r1e-6_dd_b64_cd_b64_sd_b32_bs_4x4x4x4_nkv7_ncy4_nmr12_cpu_batch1.json
210/1836
failed: ./sap_gcr_hybrid.py -n 20 -r 1e-6 -i ../matrix/cgne_init_65536_dble_csr.dat -nr --ddtype binary64 --cdtype binary64 --sdtype binary32 -b0 8  -b1 4  -b2 4  -b3 4 --nkv 7 -np -nr --nmx 10000 --device cpu -o sap_post_processing/sap_gcr_sf_16x16x16x16_r1e-6_dd_b64_cd_b64_sd_b32_bs_8x4x4x4_nkv7_np_cpu_batch1.json
211/1836
failed: ./sap_gcr_hybrid.py -n 20 -r 1e-6 -i ../matrix/cgne_init_65536_dble_csr.dat -nr --ddtype binary64 --cdtype binary64 --sdtype binary32 -b0 8  -b1 4  -b2 4  -b3 4 --nkv 7 --ncy 1  --nmr 4  --nmx 2500 --device cpu -o sap_post_processing/sap_gcr_sf_16x16x16x16_r1e-6_dd_b64_cd_b64_sd_b32_bs_8x4x4x4_nkv7_ncy1_nmr4_cpu_batch1.json
212/1836
failed: ./sap_gcr_hybrid.py -n 20 -r 1e-6 -i ../matrix/cgne_init_65536_dble_csr.dat -nr --ddtype binary64 --cdtype binary64 --sdtype binary32 -b0 8  -b1 4  -b2 4  -b3 4 --nkv 7 --ncy 4  --nmr 2  --nmx 1250 --device cpu -o sap_post_processing/sap_gcr_sf_16x16x16x16_r1e-6_dd_b64_cd_b64_sd_b32_bs_8x4x4x4_nkv7_ncy4_nmr2_cpu_batch1.json
213/1836
failed: ./sap_gcr_hybrid.py -n 20 -r 1e-6 -i ../matrix/cgne_init_65536_dble_csr.dat -nr --ddtype binary64 --cdtype binary64 --sdtype binary32 -b0 8  -b1 4  -b2 4  -b3 4 --nkv 7 --ncy 2  --nmr 8  --nmx 625 --device cpu -o sap_post_processing/sap_gcr_sf_16x16x16x16_r1e-6_dd_b64_cd_b64_sd_b32_bs_8x4x4x4_nkv7_ncy2_nmr8_cpu_batch1.json
214/1836
failed: ./sap_gcr_hybrid.py -n 20 -r 1e-6 -i ../matrix/cgne_init_65536_dble_csr.dat -nr --ddtype binary64 --cdtype binary64 --sdtype binary32 -b0 8  -b1 4  -b2 4  -b3 4 --nkv 7 --ncy 8  --nmr 4  --nmx 313 --device cpu -o sap_post_processing/sap_gcr_sf_16x16x16x16_r1e-6_dd_b64_cd_b64_sd_b32_bs_8x4x4x4_nkv7_ncy8_nmr4_cpu_batch1.json
215/1836
failed: ./sap_gcr_hybrid.py -n 20 -r 1e-6 -i ../matrix/cgne_init_65536_dble_csr.dat -nr --ddtype binary64 --cdtype binary64 --sdtype binary32 -b0 8  -b1 4  -b2 4  -b3 4 --nkv 7 --ncy 4  --nmr 12 --nmx 210 --device cpu -o sap_post_processing/sap_gcr_sf_16x16x16x16_r1e-6_dd_b64_cd_b64_sd_b32_bs_8x4x4x4_nkv7_ncy4_nmr12_cpu_batch1.json
216/1836
failed: ./sap_gcr_hybrid.py -n 20 -r 1e-6 -i ../matrix/cgne_init_65536_dble_csr.dat -nr --ddtype binary64 --cdtype binary64 --sdtype binary32 -b0 8  -b1 8  -b2 4  -b3 4 --nkv 7 -np -nr --nmx 10000 --device cpu -o sap_post_processing/sap_gcr_sf_16x16x16x16_r1e-6_dd_b64_cd_b64_sd_b32_bs_8x8x4x4_nkv7_np_cpu_batch1.json
217/1836
failed: ./sap_gcr_hybrid.py -n 20 -r 1e-6 -i ../matrix/cgne_init_65536_dble_csr.dat -nr --ddtype binary64 --cdtype binary64 --sdtype binary32 -b0 8  -b1 8  -b2 4  -b3 4 --nkv 7 --ncy 1  --nmr 4  --nmx 2500 --device cpu -o sap_post_processing/sap_gcr_sf_16x16x16x16_r1e-6_dd_b64_cd_b64_sd_b32_bs_8x8x4x4_nkv7_ncy1_nmr4_cpu_batch1.json
218/1836
failed: ./sap_gcr_hybrid.py -n 20 -r 1e-6 -i ../matrix/cgne_init_65536_dble_csr.dat -nr --ddtype binary64 --cdtype binary64 --sdtype binary32 -b0 8  -b1 8  -b2 4  -b3 4 --nkv 7 --ncy 4  --nmr 2  --nmx 1250 --device cpu -o sap_post_processing/sap_gcr_sf_16x16x16x16_r1e-6_dd_b64_cd_b64_sd_b32_bs_8x8x4x4_nkv7_ncy4_nmr2_cpu_batch1.json
219/1836
failed: ./sap_gcr_hybrid.py -n 20 -r 1e-6 -i ../matrix/cgne_init_65536_dble_csr.dat -nr --ddtype binary64 --cdtype binary64 --sdtype binary32 -b0 8  -b1 8  -b2 4  -b3 4 --nkv 7 --ncy 2  --nmr 8  --nmx 625 --device cpu -o sap_post_processing/sap_gcr_sf_16x16x16x16_r1e-6_dd_b64_cd_b64_sd_b32_bs_8x8x4x4_nkv7_ncy2_nmr8_cpu_batch1.json
220/1836
failed: ./sap_gcr_hybrid.py -n 20 -r 1e-6 -i ../matrix/cgne_init_65536_dble_csr.dat -nr --ddtype binary64 --cdtype binary64 --sdtype binary32 -b0 8  -b1 8  -b2 4  -b3 4 --nkv 7 --ncy 8  --nmr 4  --nmx 313 --device cpu -o sap_post_processing/sap_gcr_sf_16x16x16x16_r1e-6_dd_b64_cd_b64_sd_b32_bs_8x8x4x4_nkv7_ncy8_nmr4_cpu_batch1.json
221/1836
failed: ./sap_gcr_hybrid.py -n 20 -r 1e-6 -i ../matrix/cgne_init_65536_dble_csr.dat -nr --ddtype binary64 --cdtype binary64 --sdtype binary32 -b0 8  -b1 8  -b2 4  -b3 4 --nkv 7 --ncy 4  --nmr 12 --nmx 210 --device cpu -o sap_post_processing/sap_gcr_sf_16x16x16x16_r1e-6_dd_b64_cd_b64_sd_b32_bs_8x8x4x4_nkv7_ncy4_nmr12_cpu_batch1.json
222/1836
failed: ./sap_gcr_hybrid.py -n 20 -r 1e-6 -i ../matrix/cgne_init_65536_dble_csr.dat -nr --ddtype binary64 --cdtype binary64 --sdtype binary32 -b0 8  -b1 8  -b2 8  -b3 4 --nkv 7 -np -nr --nmx 10000 --device cpu -o sap_post_processing/sap_gcr_sf_16x16x16x16_r1e-6_dd_b64_cd_b64_sd_b32_bs_8x8x8x4_nkv7_np_cpu_batch1.json
223/1836
failed: ./sap_gcr_hybrid.py -n 20 -r 1e-6 -i ../matrix/cgne_init_65536_dble_csr.dat -nr --ddtype binary64 --cdtype binary64 --sdtype binary32 -b0 8  -b1 8  -b2 8  -b3 4 --nkv 7 --ncy 1  --nmr 4  --nmx 2500 --device cpu -o sap_post_processing/sap_gcr_sf_16x16x16x16_r1e-6_dd_b64_cd_b64_sd_b32_bs_8x8x8x4_nkv7_ncy1_nmr4_cpu_batch1.json
224/1836
failed: ./sap_gcr_hybrid.py -n 20 -r 1e-6 -i ../matrix/cgne_init_65536_dble_csr.dat -nr --ddtype binary64 --cdtype binary64 --sdtype binary32 -b0 8  -b1 8  -b2 8  -b3 4 --nkv 7 --ncy 4  --nmr 2  --nmx 1250 --device cpu -o sap_post_processing/sap_gcr_sf_16x16x16x16_r1e-6_dd_b64_cd_b64_sd_b32_bs_8x8x8x4_nkv7_ncy4_nmr2_cpu_batch1.json
225/1836
failed: ./sap_gcr_hybrid.py -n 20 -r 1e-6 -i ../matrix/cgne_init_65536_dble_csr.dat -nr --ddtype binary64 --cdtype binary64 --sdtype binary32 -b0 8  -b1 8  -b2 8  -b3 4 --nkv 7 --ncy 2  --nmr 8  --nmx 625 --device cpu -o sap_post_processing/sap_gcr_sf_16x16x16x16_r1e-6_dd_b64_cd_b64_sd_b32_bs_8x8x8x4_nkv7_ncy2_nmr8_cpu_batch1.json
226/1836
failed: ./sap_gcr_hybrid.py -n 20 -r 1e-6 -i ../matrix/cgne_init_65536_dble_csr.dat -nr --ddtype binary64 --cdtype binary64 --sdtype binary32 -b0 8  -b1 8  -b2 8  -b3 4 --nkv 7 --ncy 8  --nmr 4  --nmx 313 --device cpu -o sap_post_processing/sap_gcr_sf_16x16x16x16_r1e-6_dd_b64_cd_b64_sd_b32_bs_8x8x8x4_nkv7_ncy8_nmr4_cpu_batch1.json
227/1836
failed: ./sap_gcr_hybrid.py -n 20 -r 1e-6 -i ../matrix/cgne_init_65536_dble_csr.dat -nr --ddtype binary64 --cdtype binary64 --sdtype binary32 -b0 8  -b1 8  -b2 8  -b3 4 --nkv 7 --ncy 4  --nmr 12 --nmx 210 --device cpu -o sap_post_processing/sap_gcr_sf_16x16x16x16_r1e-6_dd_b64_cd_b64_sd_b32_bs_8x8x8x4_nkv7_ncy4_nmr12_cpu_batch1.json
228/1836
failed: ./sap_gcr_hybrid.py -n 20 -r 1e-6 -i ../matrix/cgne_init_65536_dble_csr.dat -nr --ddtype binary64 --cdtype binary64 --sdtype binary32 -b0 8  -b1 8  -b2 8  -b3 8 --nkv 7 -np -nr --nmx 10000 --device cpu -o sap_post_processing/sap_gcr_sf_16x16x16x16_r1e-6_dd_b64_cd_b64_sd_b32_bs_8x8x8x8_nkv7_np_cpu_batch1.json
229/1836
failed: ./sap_gcr_hybrid.py -n 20 -r 1e-6 -i ../matrix/cgne_init_65536_dble_csr.dat -nr --ddtype binary64 --cdtype binary64 --sdtype binary32 -b0 8  -b1 8  -b2 8  -b3 8 --nkv 7 --ncy 1  --nmr 4  --nmx 2500 --device cpu -o sap_post_processing/sap_gcr_sf_16x16x16x16_r1e-6_dd_b64_cd_b64_sd_b32_bs_8x8x8x8_nkv7_ncy1_nmr4_cpu_batch1.json
230/1836
failed: ./sap_gcr_hybrid.py -n 20 -r 1e-6 -i ../matrix/cgne_init_65536_dble_csr.dat -nr --ddtype binary64 --cdtype binary64 --sdtype binary32 -b0 8  -b1 8  -b2 8  -b3 8 --nkv 7 --ncy 4  --nmr 2  --nmx 1250 --device cpu -o sap_post_processing/sap_gcr_sf_16x16x16x16_r1e-6_dd_b64_cd_b64_sd_b32_bs_8x8x8x8_nkv7_ncy4_nmr2_cpu_batch1.json
231/1836
failed: ./sap_gcr_hybrid.py -n 20 -r 1e-6 -i ../matrix/cgne_init_65536_dble_csr.dat -nr --ddtype binary64 --cdtype binary64 --sdtype binary32 -b0 8  -b1 8  -b2 8  -b3 8 --nkv 7 --ncy 2  --nmr 8  --nmx 625 --device cpu -o sap_post_processing/sap_gcr_sf_16x16x16x16_r1e-6_dd_b64_cd_b64_sd_b32_bs_8x8x8x8_nkv7_ncy2_nmr8_cpu_batch1.json
232/1836
failed: ./sap_gcr_hybrid.py -n 20 -r 1e-6 -i ../matrix/cgne_init_65536_dble_csr.dat -nr --ddtype binary64 --cdtype binary64 --sdtype binary32 -b0 8  -b1 8  -b2 8  -b3 8 --nkv 7 --ncy 8  --nmr 4  --nmx 313 --device cpu -o sap_post_processing/sap_gcr_sf_16x16x16x16_r1e-6_dd_b64_cd_b64_sd_b32_bs_8x8x8x8_nkv7_ncy8_nmr4_cpu_batch1.json
233/1836
failed: ./sap_gcr_hybrid.py -n 20 -r 1e-6 -i ../matrix/cgne_init_65536_dble_csr.dat -nr --ddtype binary64 --cdtype binary64 --sdtype binary32 -b0 8  -b1 8  -b2 8  -b3 8 --nkv 7 --ncy 4  --nmr 12 --nmx 210 --device cpu -o sap_post_processing/sap_gcr_sf_16x16x16x16_r1e-6_dd_b64_cd_b64_sd_b32_bs_8x8x8x8_nkv7_ncy4_nmr12_cpu_batch1.json
234/1836
failed: ./sap_gcr_hybrid.py -n 20 -r 1e-6 -i ../matrix/cgne_init_65536_dble_csr.dat -nr --ddtype binary64 --cdtype binary64 --sdtype binary32 -b0 16 -b1 8  -b2 8  -b3 8 --nkv 7 -np -nr --nmx 10000 --device cpu -o sap_post_processing/sap_gcr_sf_16x16x16x16_r1e-6_dd_b64_cd_b64_sd_b32_bs_16x8x8x8_nkv7_np_cpu_batch1.json
235/1836
failed: ./sap_gcr_hybrid.py -n 20 -r 1e-6 -i ../matrix/cgne_init_65536_dble_csr.dat -nr --ddtype binary64 --cdtype binary64 --sdtype binary32 -b0 16 -b1 8  -b2 8  -b3 8 --nkv 7 --ncy 1  --nmr 4  --nmx 2500 --device cpu -o sap_post_processing/sap_gcr_sf_16x16x16x16_r1e-6_dd_b64_cd_b64_sd_b32_bs_16x8x8x8_nkv7_ncy1_nmr4_cpu_batch1.json
236/1836
failed: ./sap_gcr_hybrid.py -n 20 -r 1e-6 -i ../matrix/cgne_init_65536_dble_csr.dat -nr --ddtype binary64 --cdtype binary64 --sdtype binary32 -b0 16 -b1 8  -b2 8  -b3 8 --nkv 7 --ncy 4  --nmr 2  --nmx 1250 --device cpu -o sap_post_processing/sap_gcr_sf_16x16x16x16_r1e-6_dd_b64_cd_b64_sd_b32_bs_16x8x8x8_nkv7_ncy4_nmr2_cpu_batch1.json
237/1836
failed: ./sap_gcr_hybrid.py -n 20 -r 1e-6 -i ../matrix/cgne_init_65536_dble_csr.dat -nr --ddtype binary64 --cdtype binary64 --sdtype binary32 -b0 16 -b1 8  -b2 8  -b3 8 --nkv 7 --ncy 2  --nmr 8  --nmx 625 --device cpu -o sap_post_processing/sap_gcr_sf_16x16x16x16_r1e-6_dd_b64_cd_b64_sd_b32_bs_16x8x8x8_nkv7_ncy2_nmr8_cpu_batch1.json
238/1836
failed: ./sap_gcr_hybrid.py -n 20 -r 1e-6 -i ../matrix/cgne_init_65536_dble_csr.dat -nr --ddtype binary64 --cdtype binary64 --sdtype binary32 -b0 16 -b1 8  -b2 8  -b3 8 --nkv 7 --ncy 8  --nmr 4  --nmx 313 --device cpu -o sap_post_processing/sap_gcr_sf_16x16x16x16_r1e-6_dd_b64_cd_b64_sd_b32_bs_16x8x8x8_nkv7_ncy8_nmr4_cpu_batch1.json
239/1836
failed: ./sap_gcr_hybrid.py -n 20 -r 1e-6 -i ../matrix/cgne_init_65536_dble_csr.dat -nr --ddtype binary64 --cdtype binary64 --sdtype binary32 -b0 16 -b1 8  -b2 8  -b3 8 --nkv 7 --ncy 4  --nmr 12 --nmx 210 --device cpu -o sap_post_processing/sap_gcr_sf_16x16x16x16_r1e-6_dd_b64_cd_b64_sd_b32_bs_16x8x8x8_nkv7_ncy4_nmr12_cpu_batch1.json
240/1836
failed: ./sap_gcr_hybrid.py -n 20 -r 1e-6 -i ../matrix/cgne_init_65536_dble_csr.dat -nr --ddtype binary64 --cdtype binary64 --sdtype binary32 -b0 16 -b1 16 -b2 8  -b3 8 --nkv 7 -np -nr --nmx 10000 --device cpu -o sap_post_processing/sap_gcr_sf_16x16x16x16_r1e-6_dd_b64_cd_b64_sd_b32_bs_16x16x8x8_nkv7_np_cpu_batch1.json
241/1836
failed: ./sap_gcr_hybrid.py -n 20 -r 1e-6 -i ../matrix/cgne_init_65536_dble_csr.dat -nr --ddtype binary64 --cdtype binary64 --sdtype binary32 -b0 16 -b1 16 -b2 8  -b3 8 --nkv 7 --ncy 1  --nmr 4  --nmx 2500 --device cpu -o sap_post_processing/sap_gcr_sf_16x16x16x16_r1e-6_dd_b64_cd_b64_sd_b32_bs_16x16x8x8_nkv7_ncy1_nmr4_cpu_batch1.json
242/1836
failed: ./sap_gcr_hybrid.py -n 20 -r 1e-6 -i ../matrix/cgne_init_65536_dble_csr.dat -nr --ddtype binary64 --cdtype binary64 --sdtype binary32 -b0 16 -b1 16 -b2 8  -b3 8 --nkv 7 --ncy 4  --nmr 2  --nmx 1250 --device cpu -o sap_post_processing/sap_gcr_sf_16x16x16x16_r1e-6_dd_b64_cd_b64_sd_b32_bs_16x16x8x8_nkv7_ncy4_nmr2_cpu_batch1.json
243/1836
failed: ./sap_gcr_hybrid.py -n 20 -r 1e-6 -i ../matrix/cgne_init_65536_dble_csr.dat -nr --ddtype binary64 --cdtype binary64 --sdtype binary32 -b0 16 -b1 16 -b2 8  -b3 8 --nkv 7 --ncy 2  --nmr 8  --nmx 625 --device cpu -o sap_post_processing/sap_gcr_sf_16x16x16x16_r1e-6_dd_b64_cd_b64_sd_b32_bs_16x16x8x8_nkv7_ncy2_nmr8_cpu_batch1.json
244/1836
failed: ./sap_gcr_hybrid.py -n 20 -r 1e-6 -i ../matrix/cgne_init_65536_dble_csr.dat -nr --ddtype binary64 --cdtype binary64 --sdtype binary32 -b0 16 -b1 16 -b2 8  -b3 8 --nkv 7 --ncy 8  --nmr 4  --nmx 313 --device cpu -o sap_post_processing/sap_gcr_sf_16x16x16x16_r1e-6_dd_b64_cd_b64_sd_b32_bs_16x16x8x8_nkv7_ncy8_nmr4_cpu_batch1.json
245/1836
failed: ./sap_gcr_hybrid.py -n 20 -r 1e-6 -i ../matrix/cgne_init_65536_dble_csr.dat -nr --ddtype binary64 --cdtype binary64 --sdtype binary32 -b0 16 -b1 16 -b2 8  -b3 8 --nkv 7 --ncy 4  --nmr 12 --nmx 210 --device cpu -o sap_post_processing/sap_gcr_sf_16x16x16x16_r1e-6_dd_b64_cd_b64_sd_b32_bs_16x16x8x8_nkv7_ncy4_nmr12_cpu_batch1.json
246/1836
failed: ./sap_gcr_hybrid.py -n 20 -r 1e-6 -i ../matrix/cgne_init_65536_dble_csr.dat -nr --ddtype binary64 --cdtype binary64 --sdtype binary32 -b0 16 -b1 16 -b2 16 -b3 8 --nkv 7 -np -nr --nmx 10000 --device cpu -o sap_post_processing/sap_gcr_sf_16x16x16x16_r1e-6_dd_b64_cd_b64_sd_b32_bs_16x16x16x8_nkv7_np_cpu_batch1.json
247/1836
failed: ./sap_gcr_hybrid.py -n 20 -r 1e-6 -i ../matrix/cgne_init_65536_dble_csr.dat -nr --ddtype binary64 --cdtype binary64 --sdtype binary32 -b0 16 -b1 16 -b2 16 -b3 8 --nkv 7 --ncy 1  --nmr 4  --nmx 2500 --device cpu -o sap_post_processing/sap_gcr_sf_16x16x16x16_r1e-6_dd_b64_cd_b64_sd_b32_bs_16x16x16x8_nkv7_ncy1_nmr4_cpu_batch1.json
248/1836
failed: ./sap_gcr_hybrid.py -n 20 -r 1e-6 -i ../matrix/cgne_init_65536_dble_csr.dat -nr --ddtype binary64 --cdtype binary64 --sdtype binary32 -b0 16 -b1 16 -b2 16 -b3 8 --nkv 7 --ncy 4  --nmr 2  --nmx 1250 --device cpu -o sap_post_processing/sap_gcr_sf_16x16x16x16_r1e-6_dd_b64_cd_b64_sd_b32_bs_16x16x16x8_nkv7_ncy4_nmr2_cpu_batch1.json
249/1836
failed: ./sap_gcr_hybrid.py -n 20 -r 1e-6 -i ../matrix/cgne_init_65536_dble_csr.dat -nr --ddtype binary64 --cdtype binary64 --sdtype binary32 -b0 16 -b1 16 -b2 16 -b3 8 --nkv 7 --ncy 2  --nmr 8  --nmx 625 --device cpu -o sap_post_processing/sap_gcr_sf_16x16x16x16_r1e-6_dd_b64_cd_b64_sd_b32_bs_16x16x16x8_nkv7_ncy2_nmr8_cpu_batch1.json
250/1836
failed: ./sap_gcr_hybrid.py -n 20 -r 1e-6 -i ../matrix/cgne_init_65536_dble_csr.dat -nr --ddtype binary64 --cdtype binary64 --sdtype binary32 -b0 16 -b1 16 -b2 16 -b3 8 --nkv 7 --ncy 8  --nmr 4  --nmx 313 --device cpu -o sap_post_processing/sap_gcr_sf_16x16x16x16_r1e-6_dd_b64_cd_b64_sd_b32_bs_16x16x16x8_nkv7_ncy8_nmr4_cpu_batch1.json
251/1836
failed: ./sap_gcr_hybrid.py -n 20 -r 1e-6 -i ../matrix/cgne_init_65536_dble_csr.dat -nr --ddtype binary64 --cdtype binary64 --sdtype binary32 -b0 16 -b1 16 -b2 16 -b3 8 --nkv 7 --ncy 4  --nmr 12 --nmx 210 --device cpu -o sap_post_processing/sap_gcr_sf_16x16x16x16_r1e-6_dd_b64_cd_b64_sd_b32_bs_16x16x16x8_nkv7_ncy4_nmr12_cpu_batch1.json
252/1836
failed: ./sap_gcr_hybrid.py -n 20 -r 1e-6 -i ../matrix/cgne_init_65536_dble_csr.dat -nr --ddtype binary64 --cdtype binary32 --sdtype binary32 -b0 4  -b1 4  -b2 4  -b3 4 --nkv 7 -np -nr --nmx 10000 --device cpu -o sap_post_processing/sap_gcr_sf_16x16x16x16_r1e-6_dd_b64_cd_b32_sd_b32_bs_4x4x4x4_nkv7_np_cpu_batch1.json
253/1836
failed: ./sap_gcr_hybrid.py -n 20 -r 1e-6 -i ../matrix/cgne_init_65536_dble_csr.dat -nr --ddtype binary64 --cdtype binary32 --sdtype binary32 -b0 4  -b1 4  -b2 4  -b3 4 --nkv 7 --ncy 1  --nmr 4  --nmx 2500 --device cpu -o sap_post_processing/sap_gcr_sf_16x16x16x16_r1e-6_dd_b64_cd_b32_sd_b32_bs_4x4x4x4_nkv7_ncy1_nmr4_cpu_batch1.json
254/1836
failed: ./sap_gcr_hybrid.py -n 20 -r 1e-6 -i ../matrix/cgne_init_65536_dble_csr.dat -nr --ddtype binary64 --cdtype binary32 --sdtype binary32 -b0 4  -b1 4  -b2 4  -b3 4 --nkv 7 --ncy 4  --nmr 2  --nmx 1250 --device cpu -o sap_post_processing/sap_gcr_sf_16x16x16x16_r1e-6_dd_b64_cd_b32_sd_b32_bs_4x4x4x4_nkv7_ncy4_nmr2_cpu_batch1.json
255/1836
failed: ./sap_gcr_hybrid.py -n 20 -r 1e-6 -i ../matrix/cgne_init_65536_dble_csr.dat -nr --ddtype binary64 --cdtype binary32 --sdtype binary32 -b0 4  -b1 4  -b2 4  -b3 4 --nkv 7 --ncy 2  --nmr 8  --nmx 625 --device cpu -o sap_post_processing/sap_gcr_sf_16x16x16x16_r1e-6_dd_b64_cd_b32_sd_b32_bs_4x4x4x4_nkv7_ncy2_nmr8_cpu_batch1.json
256/1836
failed: ./sap_gcr_hybrid.py -n 20 -r 1e-6 -i ../matrix/cgne_init_65536_dble_csr.dat -nr --ddtype binary64 --cdtype binary32 --sdtype binary32 -b0 4  -b1 4  -b2 4  -b3 4 --nkv 7 --ncy 8  --nmr 4  --nmx 313 --device cpu -o sap_post_processing/sap_gcr_sf_16x16x16x16_r1e-6_dd_b64_cd_b32_sd_b32_bs_4x4x4x4_nkv7_ncy8_nmr4_cpu_batch1.json
257/1836
failed: ./sap_gcr_hybrid.py -n 20 -r 1e-6 -i ../matrix/cgne_init_65536_dble_csr.dat -nr --ddtype binary64 --cdtype binary32 --sdtype binary32 -b0 4  -b1 4  -b2 4  -b3 4 --nkv 7 --ncy 4  --nmr 12 --nmx 210 --device cpu -o sap_post_processing/sap_gcr_sf_16x16x16x16_r1e-6_dd_b64_cd_b32_sd_b32_bs_4x4x4x4_nkv7_ncy4_nmr12_cpu_batch1.json
258/1836
failed: ./sap_gcr_hybrid.py -n 20 -r 1e-6 -i ../matrix/cgne_init_65536_dble_csr.dat -nr --ddtype binary64 --cdtype binary32 --sdtype binary32 -b0 8  -b1 4  -b2 4  -b3 4 --nkv 7 -np -nr --nmx 10000 --device cpu -o sap_post_processing/sap_gcr_sf_16x16x16x16_r1e-6_dd_b64_cd_b32_sd_b32_bs_8x4x4x4_nkv7_np_cpu_batch1.json
259/1836
failed: ./sap_gcr_hybrid.py -n 20 -r 1e-6 -i ../matrix/cgne_init_65536_dble_csr.dat -nr --ddtype binary64 --cdtype binary32 --sdtype binary32 -b0 8  -b1 4  -b2 4  -b3 4 --nkv 7 --ncy 1  --nmr 4  --nmx 2500 --device cpu -o sap_post_processing/sap_gcr_sf_16x16x16x16_r1e-6_dd_b64_cd_b32_sd_b32_bs_8x4x4x4_nkv7_ncy1_nmr4_cpu_batch1.json
260/1836
failed: ./sap_gcr_hybrid.py -n 20 -r 1e-6 -i ../matrix/cgne_init_65536_dble_csr.dat -nr --ddtype binary64 --cdtype binary32 --sdtype binary32 -b0 8  -b1 4  -b2 4  -b3 4 --nkv 7 --ncy 4  --nmr 2  --nmx 1250 --device cpu -o sap_post_processing/sap_gcr_sf_16x16x16x16_r1e-6_dd_b64_cd_b32_sd_b32_bs_8x4x4x4_nkv7_ncy4_nmr2_cpu_batch1.json
261/1836
failed: ./sap_gcr_hybrid.py -n 20 -r 1e-6 -i ../matrix/cgne_init_65536_dble_csr.dat -nr --ddtype binary64 --cdtype binary32 --sdtype binary32 -b0 8  -b1 4  -b2 4  -b3 4 --nkv 7 --ncy 2  --nmr 8  --nmx 625 --device cpu -o sap_post_processing/sap_gcr_sf_16x16x16x16_r1e-6_dd_b64_cd_b32_sd_b32_bs_8x4x4x4_nkv7_ncy2_nmr8_cpu_batch1.json
262/1836
failed: ./sap_gcr_hybrid.py -n 20 -r 1e-6 -i ../matrix/cgne_init_65536_dble_csr.dat -nr --ddtype binary64 --cdtype binary32 --sdtype binary32 -b0 8  -b1 4  -b2 4  -b3 4 --nkv 7 --ncy 8  --nmr 4  --nmx 313 --device cpu -o sap_post_processing/sap_gcr_sf_16x16x16x16_r1e-6_dd_b64_cd_b32_sd_b32_bs_8x4x4x4_nkv7_ncy8_nmr4_cpu_batch1.json
263/1836
failed: ./sap_gcr_hybrid.py -n 20 -r 1e-6 -i ../matrix/cgne_init_65536_dble_csr.dat -nr --ddtype binary64 --cdtype binary32 --sdtype binary32 -b0 8  -b1 4  -b2 4  -b3 4 --nkv 7 --ncy 4  --nmr 12 --nmx 210 --device cpu -o sap_post_processing/sap_gcr_sf_16x16x16x16_r1e-6_dd_b64_cd_b32_sd_b32_bs_8x4x4x4_nkv7_ncy4_nmr12_cpu_batch1.json
264/1836
failed: ./sap_gcr_hybrid.py -n 20 -r 1e-6 -i ../matrix/cgne_init_65536_dble_csr.dat -nr --ddtype binary64 --cdtype binary32 --sdtype binary32 -b0 8  -b1 8  -b2 4  -b3 4 --nkv 7 -np -nr --nmx 10000 --device cpu -o sap_post_processing/sap_gcr_sf_16x16x16x16_r1e-6_dd_b64_cd_b32_sd_b32_bs_8x8x4x4_nkv7_np_cpu_batch1.json
265/1836
failed: ./sap_gcr_hybrid.py -n 20 -r 1e-6 -i ../matrix/cgne_init_65536_dble_csr.dat -nr --ddtype binary64 --cdtype binary32 --sdtype binary32 -b0 8  -b1 8  -b2 4  -b3 4 --nkv 7 --ncy 1  --nmr 4  --nmx 2500 --device cpu -o sap_post_processing/sap_gcr_sf_16x16x16x16_r1e-6_dd_b64_cd_b32_sd_b32_bs_8x8x4x4_nkv7_ncy1_nmr4_cpu_batch1.json
266/1836
failed: ./sap_gcr_hybrid.py -n 20 -r 1e-6 -i ../matrix/cgne_init_65536_dble_csr.dat -nr --ddtype binary64 --cdtype binary32 --sdtype binary32 -b0 8  -b1 8  -b2 4  -b3 4 --nkv 7 --ncy 4  --nmr 2  --nmx 1250 --device cpu -o sap_post_processing/sap_gcr_sf_16x16x16x16_r1e-6_dd_b64_cd_b32_sd_b32_bs_8x8x4x4_nkv7_ncy4_nmr2_cpu_batch1.json
267/1836
failed: ./sap_gcr_hybrid.py -n 20 -r 1e-6 -i ../matrix/cgne_init_65536_dble_csr.dat -nr --ddtype binary64 --cdtype binary32 --sdtype binary32 -b0 8  -b1 8  -b2 4  -b3 4 --nkv 7 --ncy 2  --nmr 8  --nmx 625 --device cpu -o sap_post_processing/sap_gcr_sf_16x16x16x16_r1e-6_dd_b64_cd_b32_sd_b32_bs_8x8x4x4_nkv7_ncy2_nmr8_cpu_batch1.json
268/1836
failed: ./sap_gcr_hybrid.py -n 20 -r 1e-6 -i ../matrix/cgne_init_65536_dble_csr.dat -nr --ddtype binary64 --cdtype binary32 --sdtype binary32 -b0 8  -b1 8  -b2 4  -b3 4 --nkv 7 --ncy 8  --nmr 4  --nmx 313 --device cpu -o sap_post_processing/sap_gcr_sf_16x16x16x16_r1e-6_dd_b64_cd_b32_sd_b32_bs_8x8x4x4_nkv7_ncy8_nmr4_cpu_batch1.json
269/1836
failed: ./sap_gcr_hybrid.py -n 20 -r 1e-6 -i ../matrix/cgne_init_65536_dble_csr.dat -nr --ddtype binary64 --cdtype binary32 --sdtype binary32 -b0 8  -b1 8  -b2 4  -b3 4 --nkv 7 --ncy 4  --nmr 12 --nmx 210 --device cpu -o sap_post_processing/sap_gcr_sf_16x16x16x16_r1e-6_dd_b64_cd_b32_sd_b32_bs_8x8x4x4_nkv7_ncy4_nmr12_cpu_batch1.json
270/1836
--------------------started-------------------
1/1836
2/1836
3/1836
4/1836
5/1836
6/1836
7/1836
8/1836
9/1836
10/1836
11/1836
12/1836
13/1836
14/1836
15/1836
16/1836
17/1836
18/1836
19/1836
20/1836
21/1836
22/1836
23/1836
24/1836
25/1836
26/1836
27/1836
28/1836
29/1836
30/1836
31/1836
32/1836
33/1836
34/1836
35/1836
36/1836
37/1836
38/1836
39/1836
40/1836
41/1836
42/1836
43/1836
44/1836
45/1836
46/1836
47/1836
48/1836
49/1836
50/1836
51/1836
52/1836
53/1836
54/1836
55/1836
56/1836
57/1836
58/1836
59/1836
60/1836
61/1836
62/1836
63/1836
64/1836
65/1836
66/1836
67/1836
68/1836
69/1836
70/1836
71/1836
72/1836
73/1836
74/1836
75/1836
76/1836
77/1836
78/1836
79/1836
80/1836
81/1836
82/1836
83/1836
84/1836
85/1836
86/1836
87/1836
88/1836
89/1836
90/1836
91/1836
92/1836
93/1836
94/1836
95/1836
96/1836
97/1836
98/1836
99/1836
100/1836
101/1836
102/1836
103/1836
104/1836
105/1836
106/1836
107/1836
108/1836
109/1836
110/1836
111/1836
112/1836
113/1836
114/1836
115/1836
116/1836
117/1836
118/1836
119/1836
120/1836
121/1836
122/1836
123/1836
124/1836
125/1836
126/1836
127/1836
128/1836
129/1836
130/1836
131/1836
132/1836
133/1836
134/1836
135/1836
136/1836
137/1836
138/1836
139/1836
140/1836
141/1836
142/1836
143/1836
144/1836
145/1836
146/1836
147/1836
148/1836
149/1836
150/1836
151/1836
152/1836
153/1836
154/1836
155/1836
156/1836
157/1836
158/1836
159/1836
160/1836
161/1836
162/1836
163/1836
164/1836
165/1836
166/1836
167/1836
168/1836
169/1836
170/1836
171/1836
172/1836
173/1836
174/1836
175/1836
176/1836
177/1836
178/1836
179/1836
180/1836
181/1836
182/1836
183/1836
184/1836
185/1836
186/1836
187/1836
188/1836
189/1836
190/1836
191/1836
192/1836
193/1836
194/1836
195/1836
196/1836
197/1836
198/1836
199/1836
200/1836
201/1836
202/1836
203/1836
204/1836
205/1836
206/1836
207/1836
208/1836
209/1836
210/1836
--------------------started-------------------
1/1836
2/1836
3/1836
4/1836
5/1836
6/1836
7/1836
8/1836
9/1836
10/1836
11/1836
12/1836
13/1836
14/1836
15/1836
16/1836
17/1836
18/1836
19/1836
20/1836
21/1836
22/1836
23/1836
24/1836
25/1836
26/1836
27/1836
28/1836
29/1836
30/1836
31/1836
32/1836
33/1836
34/1836
35/1836
36/1836
37/1836
38/1836
39/1836
40/1836
41/1836
42/1836
43/1836
44/1836
45/1836
46/1836
47/1836
48/1836
49/1836
50/1836
51/1836
52/1836
53/1836
54/1836
55/1836
56/1836
57/1836
58/1836
59/1836
60/1836
61/1836
62/1836
63/1836
64/1836
65/1836
66/1836
67/1836
68/1836
69/1836
70/1836
71/1836
72/1836
73/1836
74/1836
75/1836
76/1836
77/1836
78/1836
79/1836
80/1836
81/1836
82/1836
83/1836
84/1836
85/1836
86/1836
87/1836
88/1836
89/1836
90/1836
91/1836
92/1836
93/1836
94/1836
95/1836
96/1836
97/1836
98/1836
99/1836
100/1836
101/1836
102/1836
103/1836
104/1836
105/1836
106/1836
107/1836
108/1836
109/1836
110/1836
111/1836
112/1836
113/1836
114/1836
115/1836
116/1836
117/1836
118/1836
119/1836
120/1836
121/1836
122/1836
123/1836
124/1836
125/1836
126/1836
127/1836
128/1836
129/1836
130/1836
131/1836
132/1836
133/1836
134/1836
135/1836
136/1836
137/1836
138/1836
139/1836
140/1836
141/1836
142/1836
143/1836
144/1836
145/1836
146/1836
147/1836
148/1836
149/1836
150/1836
151/1836
152/1836
153/1836
154/1836
155/1836
156/1836
157/1836
158/1836
159/1836
160/1836
161/1836
162/1836
163/1836
164/1836
165/1836
166/1836
167/1836
168/1836
169/1836
170/1836
171/1836
172/1836
173/1836
174/1836
175/1836
176/1836
177/1836
178/1836
179/1836
180/1836
181/1836
182/1836
183/1836
184/1836
185/1836
186/1836
187/1836
188/1836
189/1836
190/1836
191/1836
192/1836
193/1836
194/1836
195/1836
196/1836
197/1836
198/1836
199/1836
200/1836
201/1836
202/1836
203/1836
204/1836
205/1836
206/1836
207/1836
208/1836
209/1836
210/1836
211/1836
212/1836
213/1836
214/1836
215/1836
216/1836
failed: ./sap_gcr_hybrid.py -n 20 -r 1e-6 -i ../matrix/cgne_init_65536_dble_csr.dat -nr --ddtype binary64 --cdtype binary64 --sdtype binary32 -b0 8  -b1 8  -b2 4  -b3 4 --nkv 7 -np -nr --nmx 10000 --device cpu -o sap_post_processing/sap_gcr_sf_16x16x16x16_r1e-6_dd_b64_cd_b64_sd_b32_bs_8x8x4x4_nkv7_np_cpu_batch1.json
217/1836
failed: ./sap_gcr_hybrid.py -n 20 -r 1e-6 -i ../matrix/cgne_init_65536_dble_csr.dat -nr --ddtype binary64 --cdtype binary64 --sdtype binary32 -b0 8  -b1 8  -b2 4  -b3 4 --nkv 7 --ncy 1  --nmr 4  --nmx 2500 --device cpu -o sap_post_processing/sap_gcr_sf_16x16x16x16_r1e-6_dd_b64_cd_b64_sd_b32_bs_8x8x4x4_nkv7_ncy1_nmr4_cpu_batch1.json
218/1836
failed: ./sap_gcr_hybrid.py -n 20 -r 1e-6 -i ../matrix/cgne_init_65536_dble_csr.dat -nr --ddtype binary64 --cdtype binary64 --sdtype binary32 -b0 8  -b1 8  -b2 4  -b3 4 --nkv 7 --ncy 4  --nmr 2  --nmx 1250 --device cpu -o sap_post_processing/sap_gcr_sf_16x16x16x16_r1e-6_dd_b64_cd_b64_sd_b32_bs_8x8x4x4_nkv7_ncy4_nmr2_cpu_batch1.json
219/1836
failed: ./sap_gcr_hybrid.py -n 20 -r 1e-6 -i ../matrix/cgne_init_65536_dble_csr.dat -nr --ddtype binary64 --cdtype binary64 --sdtype binary32 -b0 8  -b1 8  -b2 4  -b3 4 --nkv 7 --ncy 2  --nmr 8  --nmx 625 --device cpu -o sap_post_processing/sap_gcr_sf_16x16x16x16_r1e-6_dd_b64_cd_b64_sd_b32_bs_8x8x4x4_nkv7_ncy2_nmr8_cpu_batch1.json
220/1836
failed: ./sap_gcr_hybrid.py -n 20 -r 1e-6 -i ../matrix/cgne_init_65536_dble_csr.dat -nr --ddtype binary64 --cdtype binary64 --sdtype binary32 -b0 8  -b1 8  -b2 4  -b3 4 --nkv 7 --ncy 8  --nmr 4  --nmx 313 --device cpu -o sap_post_processing/sap_gcr_sf_16x16x16x16_r1e-6_dd_b64_cd_b64_sd_b32_bs_8x8x4x4_nkv7_ncy8_nmr4_cpu_batch1.json
221/1836
failed: ./sap_gcr_hybrid.py -n 20 -r 1e-6 -i ../matrix/cgne_init_65536_dble_csr.dat -nr --ddtype binary64 --cdtype binary64 --sdtype binary32 -b0 8  -b1 8  -b2 4  -b3 4 --nkv 7 --ncy 4  --nmr 12 --nmx 210 --device cpu -o sap_post_processing/sap_gcr_sf_16x16x16x16_r1e-6_dd_b64_cd_b64_sd_b32_bs_8x8x4x4_nkv7_ncy4_nmr12_cpu_batch1.json
222/1836
failed: ./sap_gcr_hybrid.py -n 20 -r 1e-6 -i ../matrix/cgne_init_65536_dble_csr.dat -nr --ddtype binary64 --cdtype binary64 --sdtype binary32 -b0 8  -b1 8  -b2 8  -b3 4 --nkv 7 -np -nr --nmx 10000 --device cpu -o sap_post_processing/sap_gcr_sf_16x16x16x16_r1e-6_dd_b64_cd_b64_sd_b32_bs_8x8x8x4_nkv7_np_cpu_batch1.json
223/1836
failed: ./sap_gcr_hybrid.py -n 20 -r 1e-6 -i ../matrix/cgne_init_65536_dble_csr.dat -nr --ddtype binary64 --cdtype binary64 --sdtype binary32 -b0 8  -b1 8  -b2 8  -b3 4 --nkv 7 --ncy 1  --nmr 4  --nmx 2500 --device cpu -o sap_post_processing/sap_gcr_sf_16x16x16x16_r1e-6_dd_b64_cd_b64_sd_b32_bs_8x8x8x4_nkv7_ncy1_nmr4_cpu_batch1.json
224/1836
failed: ./sap_gcr_hybrid.py -n 20 -r 1e-6 -i ../matrix/cgne_init_65536_dble_csr.dat -nr --ddtype binary64 --cdtype binary64 --sdtype binary32 -b0 8  -b1 8  -b2 8  -b3 4 --nkv 7 --ncy 4  --nmr 2  --nmx 1250 --device cpu -o sap_post_processing/sap_gcr_sf_16x16x16x16_r1e-6_dd_b64_cd_b64_sd_b32_bs_8x8x8x4_nkv7_ncy4_nmr2_cpu_batch1.json
225/1836
failed: ./sap_gcr_hybrid.py -n 20 -r 1e-6 -i ../matrix/cgne_init_65536_dble_csr.dat -nr --ddtype binary64 --cdtype binary64 --sdtype binary32 -b0 8  -b1 8  -b2 8  -b3 4 --nkv 7 --ncy 2  --nmr 8  --nmx 625 --device cpu -o sap_post_processing/sap_gcr_sf_16x16x16x16_r1e-6_dd_b64_cd_b64_sd_b32_bs_8x8x8x4_nkv7_ncy2_nmr8_cpu_batch1.json
226/1836
failed: ./sap_gcr_hybrid.py -n 20 -r 1e-6 -i ../matrix/cgne_init_65536_dble_csr.dat -nr --ddtype binary64 --cdtype binary64 --sdtype binary32 -b0 8  -b1 8  -b2 8  -b3 4 --nkv 7 --ncy 8  --nmr 4  --nmx 313 --device cpu -o sap_post_processing/sap_gcr_sf_16x16x16x16_r1e-6_dd_b64_cd_b64_sd_b32_bs_8x8x8x4_nkv7_ncy8_nmr4_cpu_batch1.json
227/1836
failed: ./sap_gcr_hybrid.py -n 20 -r 1e-6 -i ../matrix/cgne_init_65536_dble_csr.dat -nr --ddtype binary64 --cdtype binary64 --sdtype binary32 -b0 8  -b1 8  -b2 8  -b3 4 --nkv 7 --ncy 4  --nmr 12 --nmx 210 --device cpu -o sap_post_processing/sap_gcr_sf_16x16x16x16_r1e-6_dd_b64_cd_b64_sd_b32_bs_8x8x8x4_nkv7_ncy4_nmr12_cpu_batch1.json
228/1836
failed: ./sap_gcr_hybrid.py -n 20 -r 1e-6 -i ../matrix/cgne_init_65536_dble_csr.dat -nr --ddtype binary64 --cdtype binary64 --sdtype binary32 -b0 8  -b1 8  -b2 8  -b3 8 --nkv 7 -np -nr --nmx 10000 --device cpu -o sap_post_processing/sap_gcr_sf_16x16x16x16_r1e-6_dd_b64_cd_b64_sd_b32_bs_8x8x8x8_nkv7_np_cpu_batch1.json
229/1836
failed: ./sap_gcr_hybrid.py -n 20 -r 1e-6 -i ../matrix/cgne_init_65536_dble_csr.dat -nr --ddtype binary64 --cdtype binary64 --sdtype binary32 -b0 8  -b1 8  -b2 8  -b3 8 --nkv 7 --ncy 1  --nmr 4  --nmx 2500 --device cpu -o sap_post_processing/sap_gcr_sf_16x16x16x16_r1e-6_dd_b64_cd_b64_sd_b32_bs_8x8x8x8_nkv7_ncy1_nmr4_cpu_batch1.json
230/1836
failed: ./sap_gcr_hybrid.py -n 20 -r 1e-6 -i ../matrix/cgne_init_65536_dble_csr.dat -nr --ddtype binary64 --cdtype binary64 --sdtype binary32 -b0 8  -b1 8  -b2 8  -b3 8 --nkv 7 --ncy 4  --nmr 2  --nmx 1250 --device cpu -o sap_post_processing/sap_gcr_sf_16x16x16x16_r1e-6_dd_b64_cd_b64_sd_b32_bs_8x8x8x8_nkv7_ncy4_nmr2_cpu_batch1.json
231/1836
failed: ./sap_gcr_hybrid.py -n 20 -r 1e-6 -i ../matrix/cgne_init_65536_dble_csr.dat -nr --ddtype binary64 --cdtype binary64 --sdtype binary32 -b0 8  -b1 8  -b2 8  -b3 8 --nkv 7 --ncy 2  --nmr 8  --nmx 625 --device cpu -o sap_post_processing/sap_gcr_sf_16x16x16x16_r1e-6_dd_b64_cd_b64_sd_b32_bs_8x8x8x8_nkv7_ncy2_nmr8_cpu_batch1.json
232/1836
failed: ./sap_gcr_hybrid.py -n 20 -r 1e-6 -i ../matrix/cgne_init_65536_dble_csr.dat -nr --ddtype binary64 --cdtype binary64 --sdtype binary32 -b0 8  -b1 8  -b2 8  -b3 8 --nkv 7 --ncy 8  --nmr 4  --nmx 313 --device cpu -o sap_post_processing/sap_gcr_sf_16x16x16x16_r1e-6_dd_b64_cd_b64_sd_b32_bs_8x8x8x8_nkv7_ncy8_nmr4_cpu_batch1.json
233/1836
failed: ./sap_gcr_hybrid.py -n 20 -r 1e-6 -i ../matrix/cgne_init_65536_dble_csr.dat -nr --ddtype binary64 --cdtype binary64 --sdtype binary32 -b0 8  -b1 8  -b2 8  -b3 8 --nkv 7 --ncy 4  --nmr 12 --nmx 210 --device cpu -o sap_post_processing/sap_gcr_sf_16x16x16x16_r1e-6_dd_b64_cd_b64_sd_b32_bs_8x8x8x8_nkv7_ncy4_nmr12_cpu_batch1.json
234/1836
failed: ./sap_gcr_hybrid.py -n 20 -r 1e-6 -i ../matrix/cgne_init_65536_dble_csr.dat -nr --ddtype binary64 --cdtype binary64 --sdtype binary32 -b0 16 -b1 8  -b2 8  -b3 8 --nkv 7 -np -nr --nmx 10000 --device cpu -o sap_post_processing/sap_gcr_sf_16x16x16x16_r1e-6_dd_b64_cd_b64_sd_b32_bs_16x8x8x8_nkv7_np_cpu_batch1.json
235/1836
failed: ./sap_gcr_hybrid.py -n 20 -r 1e-6 -i ../matrix/cgne_init_65536_dble_csr.dat -nr --ddtype binary64 --cdtype binary64 --sdtype binary32 -b0 16 -b1 8  -b2 8  -b3 8 --nkv 7 --ncy 1  --nmr 4  --nmx 2500 --device cpu -o sap_post_processing/sap_gcr_sf_16x16x16x16_r1e-6_dd_b64_cd_b64_sd_b32_bs_16x8x8x8_nkv7_ncy1_nmr4_cpu_batch1.json
236/1836
failed: ./sap_gcr_hybrid.py -n 20 -r 1e-6 -i ../matrix/cgne_init_65536_dble_csr.dat -nr --ddtype binary64 --cdtype binary64 --sdtype binary32 -b0 16 -b1 8  -b2 8  -b3 8 --nkv 7 --ncy 4  --nmr 2  --nmx 1250 --device cpu -o sap_post_processing/sap_gcr_sf_16x16x16x16_r1e-6_dd_b64_cd_b64_sd_b32_bs_16x8x8x8_nkv7_ncy4_nmr2_cpu_batch1.json
237/1836
failed: ./sap_gcr_hybrid.py -n 20 -r 1e-6 -i ../matrix/cgne_init_65536_dble_csr.dat -nr --ddtype binary64 --cdtype binary64 --sdtype binary32 -b0 16 -b1 8  -b2 8  -b3 8 --nkv 7 --ncy 2  --nmr 8  --nmx 625 --device cpu -o sap_post_processing/sap_gcr_sf_16x16x16x16_r1e-6_dd_b64_cd_b64_sd_b32_bs_16x8x8x8_nkv7_ncy2_nmr8_cpu_batch1.json
238/1836
failed: ./sap_gcr_hybrid.py -n 20 -r 1e-6 -i ../matrix/cgne_init_65536_dble_csr.dat -nr --ddtype binary64 --cdtype binary64 --sdtype binary32 -b0 16 -b1 8  -b2 8  -b3 8 --nkv 7 --ncy 8  --nmr 4  --nmx 313 --device cpu -o sap_post_processing/sap_gcr_sf_16x16x16x16_r1e-6_dd_b64_cd_b64_sd_b32_bs_16x8x8x8_nkv7_ncy8_nmr4_cpu_batch1.json
239/1836
failed: ./sap_gcr_hybrid.py -n 20 -r 1e-6 -i ../matrix/cgne_init_65536_dble_csr.dat -nr --ddtype binary64 --cdtype binary64 --sdtype binary32 -b0 16 -b1 8  -b2 8  -b3 8 --nkv 7 --ncy 4  --nmr 12 --nmx 210 --device cpu -o sap_post_processing/sap_gcr_sf_16x16x16x16_r1e-6_dd_b64_cd_b64_sd_b32_bs_16x8x8x8_nkv7_ncy4_nmr12_cpu_batch1.json
240/1836
failed: ./sap_gcr_hybrid.py -n 20 -r 1e-6 -i ../matrix/cgne_init_65536_dble_csr.dat -nr --ddtype binary64 --cdtype binary64 --sdtype binary32 -b0 16 -b1 16 -b2 8  -b3 8 --nkv 7 -np -nr --nmx 10000 --device cpu -o sap_post_processing/sap_gcr_sf_16x16x16x16_r1e-6_dd_b64_cd_b64_sd_b32_bs_16x16x8x8_nkv7_np_cpu_batch1.json
241/1836
failed: ./sap_gcr_hybrid.py -n 20 -r 1e-6 -i ../matrix/cgne_init_65536_dble_csr.dat -nr --ddtype binary64 --cdtype binary64 --sdtype binary32 -b0 16 -b1 16 -b2 8  -b3 8 --nkv 7 --ncy 1  --nmr 4  --nmx 2500 --device cpu -o sap_post_processing/sap_gcr_sf_16x16x16x16_r1e-6_dd_b64_cd_b64_sd_b32_bs_16x16x8x8_nkv7_ncy1_nmr4_cpu_batch1.json
242/1836
failed: ./sap_gcr_hybrid.py -n 20 -r 1e-6 -i ../matrix/cgne_init_65536_dble_csr.dat -nr --ddtype binary64 --cdtype binary64 --sdtype binary32 -b0 16 -b1 16 -b2 8  -b3 8 --nkv 7 --ncy 4  --nmr 2  --nmx 1250 --device cpu -o sap_post_processing/sap_gcr_sf_16x16x16x16_r1e-6_dd_b64_cd_b64_sd_b32_bs_16x16x8x8_nkv7_ncy4_nmr2_cpu_batch1.json
243/1836
failed: ./sap_gcr_hybrid.py -n 20 -r 1e-6 -i ../matrix/cgne_init_65536_dble_csr.dat -nr --ddtype binary64 --cdtype binary64 --sdtype binary32 -b0 16 -b1 16 -b2 8  -b3 8 --nkv 7 --ncy 2  --nmr 8  --nmx 625 --device cpu -o sap_post_processing/sap_gcr_sf_16x16x16x16_r1e-6_dd_b64_cd_b64_sd_b32_bs_16x16x8x8_nkv7_ncy2_nmr8_cpu_batch1.json
244/1836
failed: ./sap_gcr_hybrid.py -n 20 -r 1e-6 -i ../matrix/cgne_init_65536_dble_csr.dat -nr --ddtype binary64 --cdtype binary64 --sdtype binary32 -b0 16 -b1 16 -b2 8  -b3 8 --nkv 7 --ncy 8  --nmr 4  --nmx 313 --device cpu -o sap_post_processing/sap_gcr_sf_16x16x16x16_r1e-6_dd_b64_cd_b64_sd_b32_bs_16x16x8x8_nkv7_ncy8_nmr4_cpu_batch1.json
245/1836
failed: ./sap_gcr_hybrid.py -n 20 -r 1e-6 -i ../matrix/cgne_init_65536_dble_csr.dat -nr --ddtype binary64 --cdtype binary64 --sdtype binary32 -b0 16 -b1 16 -b2 8  -b3 8 --nkv 7 --ncy 4  --nmr 12 --nmx 210 --device cpu -o sap_post_processing/sap_gcr_sf_16x16x16x16_r1e-6_dd_b64_cd_b64_sd_b32_bs_16x16x8x8_nkv7_ncy4_nmr12_cpu_batch1.json
246/1836
failed: ./sap_gcr_hybrid.py -n 20 -r 1e-6 -i ../matrix/cgne_init_65536_dble_csr.dat -nr --ddtype binary64 --cdtype binary64 --sdtype binary32 -b0 16 -b1 16 -b2 16 -b3 8 --nkv 7 -np -nr --nmx 10000 --device cpu -o sap_post_processing/sap_gcr_sf_16x16x16x16_r1e-6_dd_b64_cd_b64_sd_b32_bs_16x16x16x8_nkv7_np_cpu_batch1.json
247/1836
failed: ./sap_gcr_hybrid.py -n 20 -r 1e-6 -i ../matrix/cgne_init_65536_dble_csr.dat -nr --ddtype binary64 --cdtype binary64 --sdtype binary32 -b0 16 -b1 16 -b2 16 -b3 8 --nkv 7 --ncy 1  --nmr 4  --nmx 2500 --device cpu -o sap_post_processing/sap_gcr_sf_16x16x16x16_r1e-6_dd_b64_cd_b64_sd_b32_bs_16x16x16x8_nkv7_ncy1_nmr4_cpu_batch1.json
248/1836
failed: ./sap_gcr_hybrid.py -n 20 -r 1e-6 -i ../matrix/cgne_init_65536_dble_csr.dat -nr --ddtype binary64 --cdtype binary64 --sdtype binary32 -b0 16 -b1 16 -b2 16 -b3 8 --nkv 7 --ncy 4  --nmr 2  --nmx 1250 --device cpu -o sap_post_processing/sap_gcr_sf_16x16x16x16_r1e-6_dd_b64_cd_b64_sd_b32_bs_16x16x16x8_nkv7_ncy4_nmr2_cpu_batch1.json
249/1836
failed: ./sap_gcr_hybrid.py -n 20 -r 1e-6 -i ../matrix/cgne_init_65536_dble_csr.dat -nr --ddtype binary64 --cdtype binary64 --sdtype binary32 -b0 16 -b1 16 -b2 16 -b3 8 --nkv 7 --ncy 2  --nmr 8  --nmx 625 --device cpu -o sap_post_processing/sap_gcr_sf_16x16x16x16_r1e-6_dd_b64_cd_b64_sd_b32_bs_16x16x16x8_nkv7_ncy2_nmr8_cpu_batch1.json
250/1836
failed: ./sap_gcr_hybrid.py -n 20 -r 1e-6 -i ../matrix/cgne_init_65536_dble_csr.dat -nr --ddtype binary64 --cdtype binary64 --sdtype binary32 -b0 16 -b1 16 -b2 16 -b3 8 --nkv 7 --ncy 8  --nmr 4  --nmx 313 --device cpu -o sap_post_processing/sap_gcr_sf_16x16x16x16_r1e-6_dd_b64_cd_b64_sd_b32_bs_16x16x16x8_nkv7_ncy8_nmr4_cpu_batch1.json
251/1836
failed: ./sap_gcr_hybrid.py -n 20 -r 1e-6 -i ../matrix/cgne_init_65536_dble_csr.dat -nr --ddtype binary64 --cdtype binary64 --sdtype binary32 -b0 16 -b1 16 -b2 16 -b3 8 --nkv 7 --ncy 4  --nmr 12 --nmx 210 --device cpu -o sap_post_processing/sap_gcr_sf_16x16x16x16_r1e-6_dd_b64_cd_b64_sd_b32_bs_16x16x16x8_nkv7_ncy4_nmr12_cpu_batch1.json
252/1836
failed: ./sap_gcr_hybrid.py -n 20 -r 1e-6 -i ../matrix/cgne_init_65536_dble_csr.dat -nr --ddtype binary64 --cdtype binary32 --sdtype binary32 -b0 4  -b1 4  -b2 4  -b3 4 --nkv 7 -np -nr --nmx 10000 --device cpu -o sap_post_processing/sap_gcr_sf_16x16x16x16_r1e-6_dd_b64_cd_b32_sd_b32_bs_4x4x4x4_nkv7_np_cpu_batch1.json
253/1836
failed: ./sap_gcr_hybrid.py -n 20 -r 1e-6 -i ../matrix/cgne_init_65536_dble_csr.dat -nr --ddtype binary64 --cdtype binary32 --sdtype binary32 -b0 4  -b1 4  -b2 4  -b3 4 --nkv 7 --ncy 1  --nmr 4  --nmx 2500 --device cpu -o sap_post_processing/sap_gcr_sf_16x16x16x16_r1e-6_dd_b64_cd_b32_sd_b32_bs_4x4x4x4_nkv7_ncy1_nmr4_cpu_batch1.json
254/1836
failed: ./sap_gcr_hybrid.py -n 20 -r 1e-6 -i ../matrix/cgne_init_65536_dble_csr.dat -nr --ddtype binary64 --cdtype binary32 --sdtype binary32 -b0 4  -b1 4  -b2 4  -b3 4 --nkv 7 --ncy 4  --nmr 2  --nmx 1250 --device cpu -o sap_post_processing/sap_gcr_sf_16x16x16x16_r1e-6_dd_b64_cd_b32_sd_b32_bs_4x4x4x4_nkv7_ncy4_nmr2_cpu_batch1.json
255/1836
failed: ./sap_gcr_hybrid.py -n 20 -r 1e-6 -i ../matrix/cgne_init_65536_dble_csr.dat -nr --ddtype binary64 --cdtype binary32 --sdtype binary32 -b0 4  -b1 4  -b2 4  -b3 4 --nkv 7 --ncy 2  --nmr 8  --nmx 625 --device cpu -o sap_post_processing/sap_gcr_sf_16x16x16x16_r1e-6_dd_b64_cd_b32_sd_b32_bs_4x4x4x4_nkv7_ncy2_nmr8_cpu_batch1.json
256/1836
failed: ./sap_gcr_hybrid.py -n 20 -r 1e-6 -i ../matrix/cgne_init_65536_dble_csr.dat -nr --ddtype binary64 --cdtype binary32 --sdtype binary32 -b0 4  -b1 4  -b2 4  -b3 4 --nkv 7 --ncy 8  --nmr 4  --nmx 313 --device cpu -o sap_post_processing/sap_gcr_sf_16x16x16x16_r1e-6_dd_b64_cd_b32_sd_b32_bs_4x4x4x4_nkv7_ncy8_nmr4_cpu_batch1.json
257/1836
failed: ./sap_gcr_hybrid.py -n 20 -r 1e-6 -i ../matrix/cgne_init_65536_dble_csr.dat -nr --ddtype binary64 --cdtype binary32 --sdtype binary32 -b0 4  -b1 4  -b2 4  -b3 4 --nkv 7 --ncy 4  --nmr 12 --nmx 210 --device cpu -o sap_post_processing/sap_gcr_sf_16x16x16x16_r1e-6_dd_b64_cd_b32_sd_b32_bs_4x4x4x4_nkv7_ncy4_nmr12_cpu_batch1.json
258/1836
failed: ./sap_gcr_hybrid.py -n 20 -r 1e-6 -i ../matrix/cgne_init_65536_dble_csr.dat -nr --ddtype binary64 --cdtype binary32 --sdtype binary32 -b0 8  -b1 4  -b2 4  -b3 4 --nkv 7 -np -nr --nmx 10000 --device cpu -o sap_post_processing/sap_gcr_sf_16x16x16x16_r1e-6_dd_b64_cd_b32_sd_b32_bs_8x4x4x4_nkv7_np_cpu_batch1.json
259/1836
failed: ./sap_gcr_hybrid.py -n 20 -r 1e-6 -i ../matrix/cgne_init_65536_dble_csr.dat -nr --ddtype binary64 --cdtype binary32 --sdtype binary32 -b0 8  -b1 4  -b2 4  -b3 4 --nkv 7 --ncy 1  --nmr 4  --nmx 2500 --device cpu -o sap_post_processing/sap_gcr_sf_16x16x16x16_r1e-6_dd_b64_cd_b32_sd_b32_bs_8x4x4x4_nkv7_ncy1_nmr4_cpu_batch1.json
260/1836
failed: ./sap_gcr_hybrid.py -n 20 -r 1e-6 -i ../matrix/cgne_init_65536_dble_csr.dat -nr --ddtype binary64 --cdtype binary32 --sdtype binary32 -b0 8  -b1 4  -b2 4  -b3 4 --nkv 7 --ncy 4  --nmr 2  --nmx 1250 --device cpu -o sap_post_processing/sap_gcr_sf_16x16x16x16_r1e-6_dd_b64_cd_b32_sd_b32_bs_8x4x4x4_nkv7_ncy4_nmr2_cpu_batch1.json
261/1836
failed: ./sap_gcr_hybrid.py -n 20 -r 1e-6 -i ../matrix/cgne_init_65536_dble_csr.dat -nr --ddtype binary64 --cdtype binary32 --sdtype binary32 -b0 8  -b1 4  -b2 4  -b3 4 --nkv 7 --ncy 2  --nmr 8  --nmx 625 --device cpu -o sap_post_processing/sap_gcr_sf_16x16x16x16_r1e-6_dd_b64_cd_b32_sd_b32_bs_8x4x4x4_nkv7_ncy2_nmr8_cpu_batch1.json
262/1836
failed: ./sap_gcr_hybrid.py -n 20 -r 1e-6 -i ../matrix/cgne_init_65536_dble_csr.dat -nr --ddtype binary64 --cdtype binary32 --sdtype binary32 -b0 8  -b1 4  -b2 4  -b3 4 --nkv 7 --ncy 8  --nmr 4  --nmx 313 --device cpu -o sap_post_processing/sap_gcr_sf_16x16x16x16_r1e-6_dd_b64_cd_b32_sd_b32_bs_8x4x4x4_nkv7_ncy8_nmr4_cpu_batch1.json
263/1836
failed: ./sap_gcr_hybrid.py -n 20 -r 1e-6 -i ../matrix/cgne_init_65536_dble_csr.dat -nr --ddtype binary64 --cdtype binary32 --sdtype binary32 -b0 8  -b1 4  -b2 4  -b3 4 --nkv 7 --ncy 4  --nmr 12 --nmx 210 --device cpu -o sap_post_processing/sap_gcr_sf_16x16x16x16_r1e-6_dd_b64_cd_b32_sd_b32_bs_8x4x4x4_nkv7_ncy4_nmr12_cpu_batch1.json
264/1836
failed: ./sap_gcr_hybrid.py -n 20 -r 1e-6 -i ../matrix/cgne_init_65536_dble_csr.dat -nr --ddtype binary64 --cdtype binary32 --sdtype binary32 -b0 8  -b1 8  -b2 4  -b3 4 --nkv 7 -np -nr --nmx 10000 --device cpu -o sap_post_processing/sap_gcr_sf_16x16x16x16_r1e-6_dd_b64_cd_b32_sd_b32_bs_8x8x4x4_nkv7_np_cpu_batch1.json
265/1836
failed: ./sap_gcr_hybrid.py -n 20 -r 1e-6 -i ../matrix/cgne_init_65536_dble_csr.dat -nr --ddtype binary64 --cdtype binary32 --sdtype binary32 -b0 8  -b1 8  -b2 4  -b3 4 --nkv 7 --ncy 1  --nmr 4  --nmx 2500 --device cpu -o sap_post_processing/sap_gcr_sf_16x16x16x16_r1e-6_dd_b64_cd_b32_sd_b32_bs_8x8x4x4_nkv7_ncy1_nmr4_cpu_batch1.json
266/1836
failed: ./sap_gcr_hybrid.py -n 20 -r 1e-6 -i ../matrix/cgne_init_65536_dble_csr.dat -nr --ddtype binary64 --cdtype binary32 --sdtype binary32 -b0 8  -b1 8  -b2 4  -b3 4 --nkv 7 --ncy 4  --nmr 2  --nmx 1250 --device cpu -o sap_post_processing/sap_gcr_sf_16x16x16x16_r1e-6_dd_b64_cd_b32_sd_b32_bs_8x8x4x4_nkv7_ncy4_nmr2_cpu_batch1.json
267/1836
failed: ./sap_gcr_hybrid.py -n 20 -r 1e-6 -i ../matrix/cgne_init_65536_dble_csr.dat -nr --ddtype binary64 --cdtype binary32 --sdtype binary32 -b0 8  -b1 8  -b2 4  -b3 4 --nkv 7 --ncy 2  --nmr 8  --nmx 625 --device cpu -o sap_post_processing/sap_gcr_sf_16x16x16x16_r1e-6_dd_b64_cd_b32_sd_b32_bs_8x8x4x4_nkv7_ncy2_nmr8_cpu_batch1.json
268/1836
failed: ./sap_gcr_hybrid.py -n 20 -r 1e-6 -i ../matrix/cgne_init_65536_dble_csr.dat -nr --ddtype binary64 --cdtype binary32 --sdtype binary32 -b0 8  -b1 8  -b2 4  -b3 4 --nkv 7 --ncy 8  --nmr 4  --nmx 313 --device cpu -o sap_post_processing/sap_gcr_sf_16x16x16x16_r1e-6_dd_b64_cd_b32_sd_b32_bs_8x8x4x4_nkv7_ncy8_nmr4_cpu_batch1.json
269/1836
failed: ./sap_gcr_hybrid.py -n 20 -r 1e-6 -i ../matrix/cgne_init_65536_dble_csr.dat -nr --ddtype binary64 --cdtype binary32 --sdtype binary32 -b0 8  -b1 8  -b2 4  -b3 4 --nkv 7 --ncy 4  --nmr 12 --nmx 210 --device cpu -o sap_post_processing/sap_gcr_sf_16x16x16x16_r1e-6_dd_b64_cd_b32_sd_b32_bs_8x8x4x4_nkv7_ncy4_nmr12_cpu_batch1.json
270/1836
failed: ./sap_gcr_hybrid.py -n 20 -r 1e-6 -i ../matrix/cgne_init_65536_dble_csr.dat -nr --ddtype binary64 --cdtype binary32 --sdtype binary32 -b0 8  -b1 8  -b2 8  -b3 4 --nkv 7 -np -nr --nmx 10000 --device cpu -o sap_post_processing/sap_gcr_sf_16x16x16x16_r1e-6_dd_b64_cd_b32_sd_b32_bs_8x8x8x4_nkv7_np_cpu_batch1.json
271/1836
--------------------started-------------------
1/1836
2/1836
3/1836
4/1836
5/1836
6/1836
7/1836
8/1836
9/1836
10/1836
11/1836
12/1836
13/1836
14/1836
15/1836
16/1836
17/1836
18/1836
19/1836
20/1836
21/1836
22/1836
23/1836
24/1836
25/1836
26/1836
27/1836
28/1836
29/1836
30/1836
31/1836
32/1836
33/1836
34/1836
35/1836
36/1836
37/1836
38/1836
39/1836
40/1836
41/1836
42/1836
43/1836
44/1836
45/1836
46/1836
47/1836
48/1836
49/1836
50/1836
51/1836
52/1836
53/1836
54/1836
55/1836
56/1836
57/1836
58/1836
59/1836
60/1836
61/1836
62/1836
63/1836
64/1836
65/1836
66/1836
67/1836
68/1836
69/1836
70/1836
71/1836
72/1836
73/1836
74/1836
75/1836
76/1836
77/1836
78/1836
79/1836
80/1836
81/1836
82/1836
83/1836
84/1836
85/1836
86/1836
87/1836
88/1836
89/1836
90/1836
91/1836
92/1836
93/1836
94/1836
95/1836
96/1836
97/1836
98/1836
99/1836
100/1836
101/1836
102/1836
103/1836
104/1836
105/1836
106/1836
107/1836
108/1836
109/1836
110/1836
111/1836
112/1836
113/1836
114/1836
115/1836
116/1836
117/1836
118/1836
119/1836
120/1836
121/1836
122/1836
123/1836
124/1836
125/1836
126/1836
127/1836
128/1836
129/1836
130/1836
131/1836
132/1836
133/1836
134/1836
135/1836
136/1836
137/1836
138/1836
139/1836
140/1836
141/1836
142/1836
143/1836
144/1836
145/1836
146/1836
147/1836
148/1836
149/1836
150/1836
151/1836
152/1836
153/1836
154/1836
155/1836
156/1836
157/1836
158/1836
159/1836
160/1836
161/1836
162/1836
163/1836
164/1836
165/1836
166/1836
167/1836
168/1836
169/1836
170/1836
171/1836
172/1836
173/1836
174/1836
175/1836
176/1836
177/1836
178/1836
179/1836
180/1836
181/1836
182/1836
183/1836
184/1836
185/1836
186/1836
187/1836
188/1836
189/1836
190/1836
191/1836
192/1836
193/1836
194/1836
195/1836
196/1836
197/1836
198/1836
199/1836
200/1836
201/1836
202/1836
203/1836
204/1836
205/1836
206/1836
207/1836
208/1836
209/1836
210/1836
211/1836
212/1836
213/1836
214/1836
215/1836
216/1836
--------------------started-------------------
1/1836
2/1836
3/1836
4/1836
5/1836
6/1836
7/1836
8/1836
9/1836
10/1836
11/1836
12/1836
13/1836
14/1836
15/1836
16/1836
17/1836
18/1836
19/1836
20/1836
21/1836
22/1836
23/1836
24/1836
25/1836
26/1836
27/1836
28/1836
29/1836
30/1836
31/1836
32/1836
33/1836
34/1836
35/1836
36/1836
37/1836
38/1836
39/1836
40/1836
41/1836
42/1836
43/1836
44/1836
45/1836
46/1836
47/1836
48/1836
49/1836
50/1836
51/1836
52/1836
53/1836
54/1836
55/1836
56/1836
57/1836
58/1836
59/1836
60/1836
61/1836
62/1836
63/1836
64/1836
65/1836
66/1836
67/1836
68/1836
69/1836
70/1836
71/1836
72/1836
73/1836
74/1836
75/1836
76/1836
77/1836
78/1836
79/1836
80/1836
81/1836
82/1836
83/1836
84/1836
85/1836
86/1836
87/1836
88/1836
89/1836
90/1836
91/1836
92/1836
93/1836
94/1836
95/1836
96/1836
97/1836
98/1836
99/1836
100/1836
101/1836
102/1836
103/1836
104/1836
105/1836
106/1836
107/1836
108/1836
109/1836
110/1836
111/1836
112/1836
113/1836
114/1836
115/1836
116/1836
117/1836
118/1836
119/1836
120/1836
121/1836
122/1836
123/1836
124/1836
125/1836
126/1836
127/1836
128/1836
129/1836
130/1836
131/1836
132/1836
133/1836
134/1836
135/1836
136/1836
137/1836
138/1836
139/1836
140/1836
141/1836
142/1836
143/1836
144/1836
145/1836
146/1836
147/1836
148/1836
149/1836
150/1836
151/1836
152/1836
153/1836
154/1836
155/1836
156/1836
157/1836
158/1836
159/1836
160/1836
161/1836
162/1836
163/1836
164/1836
165/1836
166/1836
167/1836
168/1836
169/1836
170/1836
171/1836
172/1836
173/1836
174/1836
175/1836
176/1836
177/1836
178/1836
179/1836
180/1836
181/1836
182/1836
183/1836
184/1836
185/1836
186/1836
187/1836
188/1836
189/1836
190/1836
191/1836
192/1836
193/1836
194/1836
195/1836
196/1836
197/1836
198/1836
199/1836
200/1836
201/1836
202/1836
203/1836
204/1836
205/1836
206/1836
207/1836
208/1836
209/1836
210/1836
211/1836
212/1836
213/1836
214/1836
215/1836
216/1836
217/1836
218/1836
219/1836
220/1836
221/1836
222/1836
223/1836
224/1836
225/1836
226/1836
227/1836
228/1836
229/1836
230/1836
231/1836
232/1836
233/1836
234/1836
235/1836
236/1836
237/1836
238/1836
239/1836
240/1836
241/1836
242/1836
243/1836
244/1836
failed: ./sap_gcr_hybrid.py -n 20 -r 1e-6 -i ../matrix/cgne_init_65536_dble_csr.dat -nr --ddtype binary64 --cdtype binary64 --sdtype binary32 -b0 16 -b1 16 -b2 8  -b3 8 --nkv 7 --ncy 8  --nmr 4  --nmx 313 --device cpu -o sap_post_processing/sap_gcr_sf_16x16x16x16_r1e-6_dd_b64_cd_b64_sd_b32_bs_16x16x8x8_nkv7_ncy8_nmr4_cpu_batch1.json
245/1836
failed: ./sap_gcr_hybrid.py -n 20 -r 1e-6 -i ../matrix/cgne_init_65536_dble_csr.dat -nr --ddtype binary64 --cdtype binary64 --sdtype binary32 -b0 16 -b1 16 -b2 8  -b3 8 --nkv 7 --ncy 4  --nmr 12 --nmx 210 --device cpu -o sap_post_processing/sap_gcr_sf_16x16x16x16_r1e-6_dd_b64_cd_b64_sd_b32_bs_16x16x8x8_nkv7_ncy4_nmr12_cpu_batch1.json
246/1836
--------------------started-------------------
1/1836
2/1836
3/1836
4/1836
5/1836
6/1836
7/1836
8/1836
9/1836
10/1836
11/1836
12/1836
13/1836
14/1836
15/1836
16/1836
17/1836
18/1836
19/1836
20/1836
21/1836
22/1836
23/1836
24/1836
25/1836
26/1836
27/1836
28/1836
29/1836
30/1836
31/1836
32/1836
33/1836
34/1836
35/1836
36/1836
37/1836
38/1836
39/1836
40/1836
41/1836
42/1836
43/1836
44/1836
45/1836
46/1836
47/1836
48/1836
49/1836
50/1836
51/1836
52/1836
53/1836
54/1836
55/1836
56/1836
57/1836
58/1836
59/1836
60/1836
61/1836
62/1836
63/1836
64/1836
65/1836
66/1836
67/1836
68/1836
69/1836
70/1836
71/1836
72/1836
73/1836
74/1836
75/1836
76/1836
77/1836
78/1836
79/1836
80/1836
81/1836
82/1836
83/1836
84/1836
85/1836
86/1836
87/1836
88/1836
89/1836
90/1836
91/1836
92/1836
93/1836
94/1836
95/1836
96/1836
97/1836
98/1836
99/1836
100/1836
101/1836
102/1836
103/1836
104/1836
105/1836
106/1836
107/1836
108/1836
109/1836
110/1836
111/1836
112/1836
113/1836
114/1836
115/1836
116/1836
117/1836
118/1836
119/1836
120/1836
121/1836
122/1836
123/1836
124/1836
125/1836
126/1836
127/1836
128/1836
129/1836
130/1836
131/1836
132/1836
133/1836
134/1836
135/1836
136/1836
137/1836
138/1836
139/1836
140/1836
141/1836
142/1836
143/1836
144/1836
145/1836
146/1836
147/1836
148/1836
149/1836
150/1836
151/1836
152/1836
153/1836
154/1836
155/1836
156/1836
157/1836
158/1836
159/1836
160/1836
161/1836
162/1836
163/1836
164/1836
165/1836
166/1836
167/1836
168/1836
169/1836
170/1836
171/1836
172/1836
173/1836
174/1836
175/1836
176/1836
177/1836
178/1836
179/1836
180/1836
181/1836
182/1836
183/1836
184/1836
185/1836
186/1836
187/1836
188/1836
189/1836
190/1836
191/1836
192/1836
193/1836
194/1836
195/1836
196/1836
197/1836
198/1836
199/1836
200/1836
201/1836
202/1836
203/1836
204/1836
205/1836
206/1836
207/1836
208/1836
209/1836
210/1836
211/1836
212/1836
213/1836
214/1836
215/1836
216/1836
217/1836
218/1836
219/1836
220/1836
221/1836
222/1836
223/1836
224/1836
225/1836
226/1836
227/1836
228/1836
229/1836
230/1836
231/1836
232/1836
233/1836
234/1836
235/1836
236/1836
237/1836
238/1836
239/1836
240/1836
241/1836
242/1836
243/1836
244/1836
245/1836
246/1836
247/1836
248/1836
249/1836
250/1836
251/1836
252/1836
253/1836
failed: ./sap_gcr_hybrid.py -n 20 -r 1e-6 -i ../matrix/cgne_init_65536_dble_csr.dat -nr --ddtype binary64 --cdtype binary32 --sdtype binary32 -b0 4  -b1 4  -b2 4  -b3 4 --nkv 7 --ncy 1  --nmr 4  --nmx 2500 --device cpu -o sap_post_processing/sap_gcr_sf_16x16x16x16_r1e-6_dd_b64_cd_b32_sd_b32_bs_4x4x4x4_nkv7_ncy1_nmr4_cpu_batch1.json
254/1836
failed: ./sap_gcr_hybrid.py -n 20 -r 1e-6 -i ../matrix/cgne_init_65536_dble_csr.dat -nr --ddtype binary64 --cdtype binary32 --sdtype binary32 -b0 4  -b1 4  -b2 4  -b3 4 --nkv 7 --ncy 4  --nmr 2  --nmx 1250 --device cpu -o sap_post_processing/sap_gcr_sf_16x16x16x16_r1e-6_dd_b64_cd_b32_sd_b32_bs_4x4x4x4_nkv7_ncy4_nmr2_cpu_batch1.json
255/1836
failed: ./sap_gcr_hybrid.py -n 20 -r 1e-6 -i ../matrix/cgne_init_65536_dble_csr.dat -nr --ddtype binary64 --cdtype binary32 --sdtype binary32 -b0 4  -b1 4  -b2 4  -b3 4 --nkv 7 --ncy 2  --nmr 8  --nmx 625 --device cpu -o sap_post_processing/sap_gcr_sf_16x16x16x16_r1e-6_dd_b64_cd_b32_sd_b32_bs_4x4x4x4_nkv7_ncy2_nmr8_cpu_batch1.json
256/1836
failed: ./sap_gcr_hybrid.py -n 20 -r 1e-6 -i ../matrix/cgne_init_65536_dble_csr.dat -nr --ddtype binary64 --cdtype binary32 --sdtype binary32 -b0 4  -b1 4  -b2 4  -b3 4 --nkv 7 --ncy 8  --nmr 4  --nmx 313 --device cpu -o sap_post_processing/sap_gcr_sf_16x16x16x16_r1e-6_dd_b64_cd_b32_sd_b32_bs_4x4x4x4_nkv7_ncy8_nmr4_cpu_batch1.json
257/1836
failed: ./sap_gcr_hybrid.py -n 20 -r 1e-6 -i ../matrix/cgne_init_65536_dble_csr.dat -nr --ddtype binary64 --cdtype binary32 --sdtype binary32 -b0 4  -b1 4  -b2 4  -b3 4 --nkv 7 --ncy 4  --nmr 12 --nmx 210 --device cpu -o sap_post_processing/sap_gcr_sf_16x16x16x16_r1e-6_dd_b64_cd_b32_sd_b32_bs_4x4x4x4_nkv7_ncy4_nmr12_cpu_batch1.json
258/1836
failed: ./sap_gcr_hybrid.py -n 20 -r 1e-6 -i ../matrix/cgne_init_65536_dble_csr.dat -nr --ddtype binary64 --cdtype binary32 --sdtype binary32 -b0 8  -b1 4  -b2 4  -b3 4 --nkv 7 -np -nr --nmx 10000 --device cpu -o sap_post_processing/sap_gcr_sf_16x16x16x16_r1e-6_dd_b64_cd_b32_sd_b32_bs_8x4x4x4_nkv7_np_cpu_batch1.json
259/1836
failed: ./sap_gcr_hybrid.py -n 20 -r 1e-6 -i ../matrix/cgne_init_65536_dble_csr.dat -nr --ddtype binary64 --cdtype binary32 --sdtype binary32 -b0 8  -b1 4  -b2 4  -b3 4 --nkv 7 --ncy 1  --nmr 4  --nmx 2500 --device cpu -o sap_post_processing/sap_gcr_sf_16x16x16x16_r1e-6_dd_b64_cd_b32_sd_b32_bs_8x4x4x4_nkv7_ncy1_nmr4_cpu_batch1.json
260/1836
failed: ./sap_gcr_hybrid.py -n 20 -r 1e-6 -i ../matrix/cgne_init_65536_dble_csr.dat -nr --ddtype binary64 --cdtype binary32 --sdtype binary32 -b0 8  -b1 4  -b2 4  -b3 4 --nkv 7 --ncy 4  --nmr 2  --nmx 1250 --device cpu -o sap_post_processing/sap_gcr_sf_16x16x16x16_r1e-6_dd_b64_cd_b32_sd_b32_bs_8x4x4x4_nkv7_ncy4_nmr2_cpu_batch1.json
261/1836
failed: ./sap_gcr_hybrid.py -n 20 -r 1e-6 -i ../matrix/cgne_init_65536_dble_csr.dat -nr --ddtype binary64 --cdtype binary32 --sdtype binary32 -b0 8  -b1 4  -b2 4  -b3 4 --nkv 7 --ncy 2  --nmr 8  --nmx 625 --device cpu -o sap_post_processing/sap_gcr_sf_16x16x16x16_r1e-6_dd_b64_cd_b32_sd_b32_bs_8x4x4x4_nkv7_ncy2_nmr8_cpu_batch1.json
262/1836
failed: ./sap_gcr_hybrid.py -n 20 -r 1e-6 -i ../matrix/cgne_init_65536_dble_csr.dat -nr --ddtype binary64 --cdtype binary32 --sdtype binary32 -b0 8  -b1 4  -b2 4  -b3 4 --nkv 7 --ncy 8  --nmr 4  --nmx 313 --device cpu -o sap_post_processing/sap_gcr_sf_16x16x16x16_r1e-6_dd_b64_cd_b32_sd_b32_bs_8x4x4x4_nkv7_ncy8_nmr4_cpu_batch1.json
263/1836
failed: ./sap_gcr_hybrid.py -n 20 -r 1e-6 -i ../matrix/cgne_init_65536_dble_csr.dat -nr --ddtype binary64 --cdtype binary32 --sdtype binary32 -b0 8  -b1 4  -b2 4  -b3 4 --nkv 7 --ncy 4  --nmr 12 --nmx 210 --device cpu -o sap_post_processing/sap_gcr_sf_16x16x16x16_r1e-6_dd_b64_cd_b32_sd_b32_bs_8x4x4x4_nkv7_ncy4_nmr12_cpu_batch1.json
264/1836
failed: ./sap_gcr_hybrid.py -n 20 -r 1e-6 -i ../matrix/cgne_init_65536_dble_csr.dat -nr --ddtype binary64 --cdtype binary32 --sdtype binary32 -b0 8  -b1 8  -b2 4  -b3 4 --nkv 7 -np -nr --nmx 10000 --device cpu -o sap_post_processing/sap_gcr_sf_16x16x16x16_r1e-6_dd_b64_cd_b32_sd_b32_bs_8x8x4x4_nkv7_np_cpu_batch1.json
265/1836
failed: ./sap_gcr_hybrid.py -n 20 -r 1e-6 -i ../matrix/cgne_init_65536_dble_csr.dat -nr --ddtype binary64 --cdtype binary32 --sdtype binary32 -b0 8  -b1 8  -b2 4  -b3 4 --nkv 7 --ncy 1  --nmr 4  --nmx 2500 --device cpu -o sap_post_processing/sap_gcr_sf_16x16x16x16_r1e-6_dd_b64_cd_b32_sd_b32_bs_8x8x4x4_nkv7_ncy1_nmr4_cpu_batch1.json
266/1836
failed: ./sap_gcr_hybrid.py -n 20 -r 1e-6 -i ../matrix/cgne_init_65536_dble_csr.dat -nr --ddtype binary64 --cdtype binary32 --sdtype binary32 -b0 8  -b1 8  -b2 4  -b3 4 --nkv 7 --ncy 4  --nmr 2  --nmx 1250 --device cpu -o sap_post_processing/sap_gcr_sf_16x16x16x16_r1e-6_dd_b64_cd_b32_sd_b32_bs_8x8x4x4_nkv7_ncy4_nmr2_cpu_batch1.json
267/1836
failed: ./sap_gcr_hybrid.py -n 20 -r 1e-6 -i ../matrix/cgne_init_65536_dble_csr.dat -nr --ddtype binary64 --cdtype binary32 --sdtype binary32 -b0 8  -b1 8  -b2 4  -b3 4 --nkv 7 --ncy 2  --nmr 8  --nmx 625 --device cpu -o sap_post_processing/sap_gcr_sf_16x16x16x16_r1e-6_dd_b64_cd_b32_sd_b32_bs_8x8x4x4_nkv7_ncy2_nmr8_cpu_batch1.json
268/1836
failed: ./sap_gcr_hybrid.py -n 20 -r 1e-6 -i ../matrix/cgne_init_65536_dble_csr.dat -nr --ddtype binary64 --cdtype binary32 --sdtype binary32 -b0 8  -b1 8  -b2 4  -b3 4 --nkv 7 --ncy 8  --nmr 4  --nmx 313 --device cpu -o sap_post_processing/sap_gcr_sf_16x16x16x16_r1e-6_dd_b64_cd_b32_sd_b32_bs_8x8x4x4_nkv7_ncy8_nmr4_cpu_batch1.json
269/1836
failed: ./sap_gcr_hybrid.py -n 20 -r 1e-6 -i ../matrix/cgne_init_65536_dble_csr.dat -nr --ddtype binary64 --cdtype binary32 --sdtype binary32 -b0 8  -b1 8  -b2 4  -b3 4 --nkv 7 --ncy 4  --nmr 12 --nmx 210 --device cpu -o sap_post_processing/sap_gcr_sf_16x16x16x16_r1e-6_dd_b64_cd_b32_sd_b32_bs_8x8x4x4_nkv7_ncy4_nmr12_cpu_batch1.json
270/1836
failed: ./sap_gcr_hybrid.py -n 20 -r 1e-6 -i ../matrix/cgne_init_65536_dble_csr.dat -nr --ddtype binary64 --cdtype binary32 --sdtype binary32 -b0 8  -b1 8  -b2 8  -b3 4 --nkv 7 -np -nr --nmx 10000 --device cpu -o sap_post_processing/sap_gcr_sf_16x16x16x16_r1e-6_dd_b64_cd_b32_sd_b32_bs_8x8x8x4_nkv7_np_cpu_batch1.json
271/1836
failed: ./sap_gcr_hybrid.py -n 20 -r 1e-6 -i ../matrix/cgne_init_65536_dble_csr.dat -nr --ddtype binary64 --cdtype binary32 --sdtype binary32 -b0 8  -b1 8  -b2 8  -b3 4 --nkv 7 --ncy 1  --nmr 4  --nmx 2500 --device cpu -o sap_post_processing/sap_gcr_sf_16x16x16x16_r1e-6_dd_b64_cd_b32_sd_b32_bs_8x8x8x4_nkv7_ncy1_nmr4_cpu_batch1.json
272/1836
failed: ./sap_gcr_hybrid.py -n 20 -r 1e-6 -i ../matrix/cgne_init_65536_dble_csr.dat -nr --ddtype binary64 --cdtype binary32 --sdtype binary32 -b0 8  -b1 8  -b2 8  -b3 4 --nkv 7 --ncy 4  --nmr 2  --nmx 1250 --device cpu -o sap_post_processing/sap_gcr_sf_16x16x16x16_r1e-6_dd_b64_cd_b32_sd_b32_bs_8x8x8x4_nkv7_ncy4_nmr2_cpu_batch1.json
273/1836
failed: ./sap_gcr_hybrid.py -n 20 -r 1e-6 -i ../matrix/cgne_init_65536_dble_csr.dat -nr --ddtype binary64 --cdtype binary32 --sdtype binary32 -b0 8  -b1 8  -b2 8  -b3 4 --nkv 7 --ncy 2  --nmr 8  --nmx 625 --device cpu -o sap_post_processing/sap_gcr_sf_16x16x16x16_r1e-6_dd_b64_cd_b32_sd_b32_bs_8x8x8x4_nkv7_ncy2_nmr8_cpu_batch1.json
274/1836
failed: ./sap_gcr_hybrid.py -n 20 -r 1e-6 -i ../matrix/cgne_init_65536_dble_csr.dat -nr --ddtype binary64 --cdtype binary32 --sdtype binary32 -b0 8  -b1 8  -b2 8  -b3 4 --nkv 7 --ncy 8  --nmr 4  --nmx 313 --device cpu -o sap_post_processing/sap_gcr_sf_16x16x16x16_r1e-6_dd_b64_cd_b32_sd_b32_bs_8x8x8x4_nkv7_ncy8_nmr4_cpu_batch1.json
275/1836
failed: ./sap_gcr_hybrid.py -n 20 -r 1e-6 -i ../matrix/cgne_init_65536_dble_csr.dat -nr --ddtype binary64 --cdtype binary32 --sdtype binary32 -b0 8  -b1 8  -b2 8  -b3 4 --nkv 7 --ncy 4  --nmr 12 --nmx 210 --device cpu -o sap_post_processing/sap_gcr_sf_16x16x16x16_r1e-6_dd_b64_cd_b32_sd_b32_bs_8x8x8x4_nkv7_ncy4_nmr12_cpu_batch1.json
276/1836
failed: ./sap_gcr_hybrid.py -n 20 -r 1e-6 -i ../matrix/cgne_init_65536_dble_csr.dat -nr --ddtype binary64 --cdtype binary32 --sdtype binary32 -b0 8  -b1 8  -b2 8  -b3 8 --nkv 7 -np -nr --nmx 10000 --device cpu -o sap_post_processing/sap_gcr_sf_16x16x16x16_r1e-6_dd_b64_cd_b32_sd_b32_bs_8x8x8x8_nkv7_np_cpu_batch1.json
277/1836
failed: ./sap_gcr_hybrid.py -n 20 -r 1e-6 -i ../matrix/cgne_init_65536_dble_csr.dat -nr --ddtype binary64 --cdtype binary32 --sdtype binary32 -b0 8  -b1 8  -b2 8  -b3 8 --nkv 7 --ncy 1  --nmr 4  --nmx 2500 --device cpu -o sap_post_processing/sap_gcr_sf_16x16x16x16_r1e-6_dd_b64_cd_b32_sd_b32_bs_8x8x8x8_nkv7_ncy1_nmr4_cpu_batch1.json
278/1836
failed: ./sap_gcr_hybrid.py -n 20 -r 1e-6 -i ../matrix/cgne_init_65536_dble_csr.dat -nr --ddtype binary64 --cdtype binary32 --sdtype binary32 -b0 8  -b1 8  -b2 8  -b3 8 --nkv 7 --ncy 4  --nmr 2  --nmx 1250 --device cpu -o sap_post_processing/sap_gcr_sf_16x16x16x16_r1e-6_dd_b64_cd_b32_sd_b32_bs_8x8x8x8_nkv7_ncy4_nmr2_cpu_batch1.json
279/1836
failed: ./sap_gcr_hybrid.py -n 20 -r 1e-6 -i ../matrix/cgne_init_65536_dble_csr.dat -nr --ddtype binary64 --cdtype binary32 --sdtype binary32 -b0 8  -b1 8  -b2 8  -b3 8 --nkv 7 --ncy 2  --nmr 8  --nmx 625 --device cpu -o sap_post_processing/sap_gcr_sf_16x16x16x16_r1e-6_dd_b64_cd_b32_sd_b32_bs_8x8x8x8_nkv7_ncy2_nmr8_cpu_batch1.json
280/1836
failed: ./sap_gcr_hybrid.py -n 20 -r 1e-6 -i ../matrix/cgne_init_65536_dble_csr.dat -nr --ddtype binary64 --cdtype binary32 --sdtype binary32 -b0 8  -b1 8  -b2 8  -b3 8 --nkv 7 --ncy 8  --nmr 4  --nmx 313 --device cpu -o sap_post_processing/sap_gcr_sf_16x16x16x16_r1e-6_dd_b64_cd_b32_sd_b32_bs_8x8x8x8_nkv7_ncy8_nmr4_cpu_batch1.json
281/1836
failed: ./sap_gcr_hybrid.py -n 20 -r 1e-6 -i ../matrix/cgne_init_65536_dble_csr.dat -nr --ddtype binary64 --cdtype binary32 --sdtype binary32 -b0 8  -b1 8  -b2 8  -b3 8 --nkv 7 --ncy 4  --nmr 12 --nmx 210 --device cpu -o sap_post_processing/sap_gcr_sf_16x16x16x16_r1e-6_dd_b64_cd_b32_sd_b32_bs_8x8x8x8_nkv7_ncy4_nmr12_cpu_batch1.json
282/1836
--------------------started-------------------
1/1836
2/1836
3/1836
4/1836
5/1836
6/1836
7/1836
8/1836
9/1836
10/1836
11/1836
12/1836
13/1836
14/1836
15/1836
16/1836
17/1836
18/1836
19/1836
20/1836
21/1836
22/1836
23/1836
24/1836
25/1836
26/1836
27/1836
28/1836
29/1836
30/1836
31/1836
32/1836
33/1836
34/1836
35/1836
36/1836
37/1836
38/1836
39/1836
40/1836
41/1836
42/1836
43/1836
44/1836
45/1836
46/1836
47/1836
48/1836
49/1836
50/1836
51/1836
52/1836
53/1836
54/1836
55/1836
56/1836
57/1836
58/1836
59/1836
60/1836
61/1836
62/1836
63/1836
64/1836
65/1836
66/1836
67/1836
68/1836
69/1836
70/1836
71/1836
72/1836
73/1836
74/1836
75/1836
76/1836
77/1836
78/1836
79/1836
80/1836
81/1836
82/1836
83/1836
84/1836
85/1836
86/1836
87/1836
88/1836
89/1836
90/1836
91/1836
92/1836
93/1836
94/1836
95/1836
96/1836
97/1836
98/1836
99/1836
100/1836
101/1836
102/1836
103/1836
104/1836
105/1836
106/1836
107/1836
108/1836
109/1836
110/1836
111/1836
112/1836
113/1836
114/1836
115/1836
116/1836
117/1836
118/1836
119/1836
120/1836
121/1836
122/1836
123/1836
124/1836
125/1836
126/1836
127/1836
128/1836
129/1836
130/1836
131/1836
132/1836
133/1836
134/1836
135/1836
136/1836
137/1836
138/1836
139/1836
140/1836
141/1836
142/1836
143/1836
144/1836
145/1836
146/1836
147/1836
148/1836
149/1836
150/1836
151/1836
152/1836
153/1836
154/1836
155/1836
156/1836
157/1836
158/1836
159/1836
160/1836
161/1836
162/1836
163/1836
164/1836
165/1836
166/1836
167/1836
168/1836
169/1836
170/1836
171/1836
172/1836
173/1836
174/1836
175/1836
176/1836
177/1836
178/1836
179/1836
180/1836
181/1836
182/1836
183/1836
184/1836
185/1836
186/1836
187/1836
188/1836
189/1836
190/1836
191/1836
192/1836
193/1836
194/1836
195/1836
196/1836
197/1836
198/1836
199/1836
200/1836
201/1836
202/1836
203/1836
204/1836
205/1836
206/1836
207/1836
208/1836
209/1836
210/1836
211/1836
212/1836
213/1836
214/1836
215/1836
216/1836
217/1836
218/1836
219/1836
220/1836
221/1836
222/1836
223/1836
224/1836
225/1836
226/1836
227/1836
228/1836
229/1836
230/1836
231/1836
232/1836
233/1836
234/1836
235/1836
236/1836
237/1836
238/1836
239/1836
240/1836
241/1836
242/1836
243/1836
244/1836
245/1836
246/1836
247/1836
248/1836
249/1836
250/1836
251/1836
252/1836
253/1836
254/1836
255/1836
256/1836
257/1836
258/1836
259/1836
260/1836
261/1836
262/1836
263/1836
264/1836
265/1836
266/1836
267/1836
268/1836
269/1836
270/1836
271/1836
272/1836
273/1836
274/1836
275/1836
276/1836
277/1836
278/1836
279/1836
280/1836
281/1836
282/1836
283/1836
284/1836
285/1836
286/1836
--------------------started-------------------
1/612
2/612
3/612
4/612
5/612
6/612
7/612
8/612
9/612
10/612
11/612
12/612
13/612
14/612
15/612
16/612
17/612
18/612
19/612
20/612
21/612
22/612
23/612
24/612
25/612
26/612
27/612
28/612
29/612
30/612
31/612
32/612
33/612
34/612
35/612
36/612
37/612
38/612
39/612
40/612
41/612
42/612
43/612
44/612
45/612
46/612
47/612
48/612
49/612
50/612
51/612
52/612
53/612
54/612
55/612
56/612
57/612
58/612
59/612
60/612
61/612
62/612
63/612
64/612
65/612
66/612
67/612
68/612
69/612
70/612
71/612
72/612
73/612
74/612
75/612
76/612
77/612
78/612
79/612
80/612
81/612
82/612
83/612
84/612
85/612
86/612
87/612
88/612
89/612
90/612
91/612
92/612
93/612
94/612
95/612
96/612
97/612
98/612
99/612
100/612
101/612
102/612
103/612
104/612
105/612
106/612
107/612
108/612
109/612
110/612
111/612
112/612
113/612
114/612
115/612
116/612
117/612
118/612
119/612
120/612
121/612
122/612
123/612
124/612
125/612
126/612
127/612
128/612
129/612
130/612
131/612
132/612
133/612
134/612
135/612
136/612
137/612
138/612
139/612
140/612
141/612
142/612
143/612
144/612
145/612
146/612
147/612
148/612
149/612
150/612
151/612
152/612
153/612
154/612
155/612
156/612
157/612
158/612
159/612
160/612
161/612
162/612
163/612
164/612
165/612
166/612
167/612
168/612
169/612
170/612
171/612
172/612
173/612
174/612
175/612
176/612
177/612
178/612
179/612
180/612
181/612
182/612
183/612
184/612
185/612
186/612
187/612
188/612
189/612
190/612
191/612
192/612
193/612
194/612
195/612
196/612
197/612
198/612
199/612
200/612
201/612
202/612
203/612
204/612
205/612
206/612
207/612
208/612
209/612
210/612
211/612
212/612
213/612
214/612
215/612
216/612
217/612
218/612
219/612
220/612
221/612
222/612
223/612
224/612
225/612
226/612
227/612
228/612
229/612
230/612
231/612
232/612
233/612
234/612
235/612
236/612
237/612
238/612
239/612
240/612
241/612
242/612
243/612
244/612
245/612
246/612
247/612
248/612
249/612
250/612
251/612
252/612
253/612
254/612
255/612
256/612
257/612
258/612
259/612
260/612
261/612
262/612
263/612
264/612
265/612
266/612
267/612
268/612
269/612
270/612
271/612
272/612
273/612
274/612
275/612
276/612
277/612
278/612
279/612
280/612
281/612
282/612
283/612
284/612
285/612
286/612
287/612
288/612
289/612
290/612
291/612
292/612
293/612
294/612
295/612
296/612
297/612
298/612
299/612
300/612
301/612
302/612
303/612
304/612
305/612
306/612
307/612
308/612
309/612
310/612
311/612
312/612
313/612
314/612
315/612
316/612
317/612
318/612
319/612
320/612
321/612
322/612
323/612
324/612
325/612
326/612
327/612
328/612
329/612
330/612
331/612
332/612
333/612
334/612
335/612
336/612
337/612
338/612
339/612
340/612
341/612
342/612
343/612
344/612
345/612
346/612
347/612
348/612
349/612
350/612
351/612
352/612
353/612
354/612
355/612
356/612
357/612
358/612
359/612
360/612
361/612
362/612
363/612
364/612
365/612
366/612
367/612
368/612
369/612
370/612
371/612
372/612
373/612
374/612
375/612
376/612
377/612
378/612
379/612
380/612
381/612
382/612
383/612
384/612
385/612
386/612
387/612
388/612
389/612
390/612
391/612
392/612
393/612
394/612
395/612
396/612
397/612
398/612
399/612
400/612
401/612
402/612
403/612
404/612
405/612
406/612
407/612
408/612
409/612
410/612
411/612
412/612
413/612
414/612
415/612
416/612
417/612
418/612
419/612
420/612
421/612
422/612
423/612
424/612
425/612
426/612
427/612
428/612
429/612
430/612
431/612
432/612
433/612
434/612
435/612
436/612
437/612
438/612
439/612
440/612
441/612
442/612
443/612
444/612
445/612
446/612
447/612
448/612
449/612
450/612
451/612
452/612
453/612
454/612
455/612
456/612
457/612
458/612
459/612
460/612
461/612
462/612
463/612
464/612
465/612
--------------------started-------------------
1/612
failed: ./sap_gcr_hybrid.py -n 20 -r 1e-6 -i ../matrix/cgne_init_4096_dble_csr.dat -nr --ddtype binary64 --cdtype binary64 --sdtype binary64 -b0 4  -b1 4  -b2 4  -b3 4 --nkv 7 --ncy 1  --nmr 4  --nmx 2500 --device gpu -o sap_post_processing/sap_gcr_sf_8x8x8x8_r1e-6_dd_b64_cd_b64_sd_b64_bs_4x4x4x4_nkv7_ncy1_nmr4_gpu_batch1.json
2/612
466/612
467/612
468/612
469/612
470/612
471/612
472/612
473/612
474/612
475/612
476/612
477/612
478/612
479/612
480/612
481/612
482/612
483/612
484/612
485/612
486/612
487/612
488/612
489/612
490/612
491/612
492/612
493/612
494/612
495/612
496/612
497/612
498/612
499/612
500/612
501/612
502/612
503/612
504/612
505/612
506/612
507/612
508/612
509/612
510/612
511/612
512/612
513/612
514/612
515/612
516/612
517/612
518/612
519/612
520/612
521/612
522/612
failed: ./sap_gcr_hybrid.py -n 20 -r 1e-6 -i ../matrix/cgne_init_4096_dble_csr.dat -m ../matrix/conf6_0-8x8-20/conf6_0-8x8-20.mtx -kc 0.15717 -k 0.15717 --ddtype binary64 --cdtype binary64 --sdtype binary32 -b0 8  -b1 4  -b2 4  -b3 4 --nkv 7 --ncy 1  --nmr 4  --nmx 2500 --device cpu -o sap_post_processing/sap_gcr_conf6_0-8x8-20_8x8x8x8_k_0.15717_r1e-6_dd_b64_cd_b64_sd_b32_bs_8x4x4x4_nkv7_ncy1_nmr4_cpu_batch1.json
523/612
--------------------started-------------------
1/612
2/612
3/612
4/612
5/612
6/612
7/612
8/612
9/612
10/612
11/612
12/612
13/612
14/612
15/612
16/612
17/612
18/612
19/612
20/612
21/612
22/612
23/612
24/612
25/612
26/612
27/612
28/612
29/612
30/612
31/612
32/612
33/612
34/612
35/612
36/612
37/612
38/612
39/612
40/612
41/612
42/612
43/612
44/612
45/612
46/612
47/612
48/612
49/612
50/612
51/612
52/612
53/612
54/612
55/612
56/612
57/612
58/612
59/612
60/612
61/612
62/612
63/612
64/612
65/612
66/612
67/612
68/612
69/612
70/612
71/612
72/612
73/612
74/612
75/612
76/612
77/612
78/612
79/612
80/612
81/612
82/612
83/612
84/612
85/612
86/612
87/612
88/612
89/612
90/612
91/612
92/612
93/612
94/612
95/612
96/612
97/612
98/612
99/612
100/612
101/612
102/612
103/612
104/612
105/612
106/612
107/612
108/612
109/612
110/612
111/612
112/612
113/612
114/612
115/612
116/612
117/612
118/612
119/612
120/612
121/612
122/612
123/612
124/612
125/612
126/612
127/612
128/612
129/612
130/612
131/612
132/612
133/612
134/612
135/612
136/612
137/612
138/612
139/612
140/612
141/612
142/612
143/612
144/612
145/612
146/612
147/612
148/612
149/612
150/612
151/612
152/612
153/612
154/612
155/612
156/612
157/612
158/612
159/612
160/612
161/612
162/612
163/612
164/612
165/612
166/612
167/612
168/612
169/612
170/612
171/612
172/612
173/612
174/612
175/612
176/612
177/612
178/612
179/612
180/612
181/612
182/612
183/612
184/612
185/612
186/612
187/612
188/612
189/612
190/612
191/612
192/612
193/612
194/612
195/612
196/612
197/612
198/612
199/612
200/612
201/612
202/612
203/612
204/612
205/612
206/612
207/612
208/612
209/612
210/612
211/612
212/612
213/612
214/612
215/612
216/612
217/612
218/612
219/612
220/612
221/612
222/612
223/612
224/612
225/612
226/612
227/612
228/612
229/612
230/612
231/612
232/612
233/612
234/612
235/612
236/612
237/612
238/612
239/612
240/612
241/612
242/612
243/612
244/612
245/612
246/612
247/612
248/612
249/612
250/612
251/612
252/612
253/612
254/612
255/612
256/612
257/612
258/612
259/612
260/612
261/612
262/612
263/612
264/612
265/612
266/612
267/612
268/612
269/612
270/612
271/612
272/612
273/612
274/612
275/612
276/612
277/612
278/612
279/612
280/612
281/612
282/612
283/612
284/612
285/612
286/612
287/612
288/612
289/612
290/612
291/612
292/612
293/612
294/612
295/612
296/612
297/612
298/612
299/612
300/612
301/612
302/612
303/612
304/612
305/612
306/612
307/612
308/612
309/612
310/612
311/612
312/612
313/612
314/612
315/612
316/612
317/612
318/612
319/612
320/612
321/612
322/612
323/612
324/612
325/612
326/612
327/612
328/612
329/612
330/612
331/612
332/612
333/612
334/612
335/612
336/612
337/612
338/612
339/612
340/612
341/612
342/612
343/612
344/612
345/612
346/612
347/612
348/612
349/612
350/612
351/612
352/612
353/612
354/612
355/612
356/612
357/612
358/612
359/612
360/612
361/612
362/612
363/612
364/612
365/612
366/612
367/612
368/612
369/612
370/612
371/612
372/612
373/612
374/612
375/612
376/612
377/612
378/612
379/612
380/612
381/612
382/612
383/612
384/612
385/612
386/612
387/612
388/612
389/612
390/612
391/612
392/612
393/612
394/612
395/612
396/612
397/612
398/612
399/612
400/612
401/612
402/612
403/612
404/612
405/612
406/612
407/612
408/612
409/612
410/612
411/612
412/612
413/612
414/612
415/612
416/612
417/612
418/612
419/612
420/612
421/612
422/612
423/612
424/612
425/612
426/612
427/612
428/612
429/612
430/612
431/612
432/612
433/612
434/612
435/612
436/612
437/612
438/612
439/612
440/612
441/612
442/612
443/612
444/612
445/612
446/612
447/612
448/612
449/612
450/612
451/612
452/612
453/612
454/612
455/612
456/612
457/612
458/612
459/612
460/612
461/612
462/612
463/612
464/612
465/612
466/612
467/612
468/612
469/612
470/612
471/612
472/612
473/612
474/612
475/612
476/612
477/612
478/612
479/612
480/612
481/612
482/612
483/612
484/612
485/612
486/612
487/612
488/612
489/612
490/612
491/612
492/612
493/612
494/612
495/612
496/612
497/612
498/612
499/612
500/612
501/612
502/612
503/612
504/612
505/612
506/612
507/612
508/612
509/612
510/612
511/612
512/612
513/612
514/612
515/612
516/612
517/612
518/612
519/612
520/612
521/612
522/612
523/612
524/612
525/612
526/612
527/612
528/612
529/612
530/612
531/612
532/612
533/612
534/612
535/612
536/612
537/612
538/612
539/612
540/612
541/612
542/612
543/612
544/612
545/612
546/612
547/612
548/612
549/612
550/612
551/612
552/612
553/612
554/612
555/612
556/612
557/612
558/612
559/612
560/612
561/612
562/612
563/612
564/612
565/612
566/612
567/612
568/612
569/612
570/612
571/612
572/612
573/612
574/612
575/612
576/612
577/612
578/612
579/612
580/612
581/612
582/612
583/612
584/612
585/612
586/612
587/612
588/612
589/612
590/612
591/612
592/612
593/612
594/612
595/612
596/612
597/612
598/612
599/612
600/612
601/612
602/612
603/612
604/612
605/612
606/612
607/612
608/612
609/612
610/612
611/612
612/612
--------------------stopped-------------------
