--------------------started-------------------
1/720
2/720
3/720
4/720
5/720
6/720
7/720
8/720
9/720
10/720
11/720
12/720
13/720
14/720
15/720
16/720
17/720
18/720
19/720
20/720
21/720
22/720
23/720
24/720
25/720
26/720
27/720
28/720
29/720
30/720
31/720
32/720
33/720
34/720
35/720
36/720
37/720
38/720
39/720
40/720
41/720
42/720
43/720
44/720
45/720
46/720
47/720
48/720
49/720
50/720
51/720
52/720
53/720
54/720
55/720
56/720
57/720
58/720
59/720
60/720
61/720
62/720
63/720
64/720
65/720
66/720
67/720
68/720
69/720
70/720
71/720
72/720
73/720
74/720
75/720
76/720
77/720
78/720
79/720
80/720
81/720
82/720
83/720
84/720
85/720
86/720
87/720
88/720
89/720
90/720
91/720
92/720
93/720
94/720
95/720
96/720
97/720
98/720
99/720
100/720
101/720
102/720
103/720
104/720
105/720
106/720
107/720
108/720
109/720
110/720
111/720
112/720
113/720
114/720
115/720
116/720
117/720
118/720
119/720
120/720
121/720
122/720
123/720
124/720
125/720
126/720
127/720
128/720
129/720
130/720
131/720
132/720
133/720
134/720
135/720
136/720
137/720
138/720
139/720
140/720
141/720
142/720
143/720
144/720
145/720
146/720
147/720
148/720
149/720
150/720
151/720
152/720
153/720
154/720
155/720
156/720
157/720
158/720
159/720
160/720
161/720
162/720
163/720
164/720
165/720
166/720
167/720
168/720
169/720
--------------------started-------------------
166/720
167/720
168/720
169/720
170/720
171/720
172/720
173/720
174/720
175/720
176/720
177/720
178/720
179/720
180/720
181/720
182/720
183/720
184/720
185/720
186/720
187/720
188/720
189/720
190/720
191/720
192/720
193/720
194/720
195/720
196/720
197/720
198/720
199/720
200/720
201/720
202/720
203/720
204/720
205/720
206/720
207/720
208/720
209/720
210/720
211/720
212/720
213/720
214/720
215/720
216/720
217/720
218/720
219/720
220/720
221/720
222/720
223/720
224/720
225/720
226/720
227/720
228/720
229/720
230/720
231/720
232/720
233/720
234/720
235/720
236/720
237/720
238/720
239/720
240/720
241/720
242/720
243/720
244/720
245/720
246/720
247/720
248/720
249/720
250/720
251/720
252/720
253/720
254/720
255/720
256/720
257/720
258/720
259/720
260/720
261/720
262/720
263/720
264/720
265/720
266/720
267/720
268/720
269/720
270/720
271/720
272/720
273/720
274/720
275/720
276/720
277/720
278/720
279/720
280/720
281/720
282/720
283/720
284/720
285/720
286/720
287/720
288/720
289/720
290/720
291/720
292/720
293/720
294/720
295/720
296/720
297/720
298/720
299/720
300/720
301/720
302/720
303/720
304/720
305/720
306/720
307/720
308/720
309/720
310/720
311/720
312/720
313/720
314/720
315/720
316/720
317/720
318/720
319/720
320/720
321/720
322/720
323/720
324/720
325/720
326/720
327/720
328/720
329/720
330/720
331/720
332/720
333/720
334/720
335/720
336/720
337/720
338/720
339/720
340/720
341/720
342/720
343/720
344/720
345/720
346/720
347/720
348/720
349/720
350/720
351/720
352/720
353/720
354/720
355/720
356/720
357/720
358/720
359/720
360/720
361/720
362/720
363/720
364/720
365/720
366/720
367/720
368/720
369/720
370/720
371/720
372/720
373/720
374/720
375/720
376/720
377/720
378/720
379/720
380/720
381/720
382/720
383/720
384/720
385/720
386/720
387/720
388/720
389/720
390/720
391/720
392/720
393/720
394/720
395/720
396/720
397/720
398/720
--------------------started-------------------
396/720
397/720
398/720
399/720
400/720
401/720
402/720
403/720
404/720
405/720
406/720
407/720
408/720
409/720
410/720
411/720
412/720
413/720
414/720
415/720
416/720
417/720
418/720
419/720
420/720
421/720
422/720
423/720
424/720
425/720
426/720
427/720
428/720
429/720
430/720
431/720
432/720
433/720
434/720
435/720
436/720
437/720
438/720
439/720
440/720
441/720
442/720
443/720
444/720
445/720
446/720
447/720
448/720
449/720
450/720
451/720
452/720
453/720
454/720
455/720
456/720
457/720
458/720
459/720
460/720
461/720
462/720
463/720
464/720
465/720
466/720
467/720
468/720
469/720
470/720
471/720
472/720
473/720
474/720
475/720
476/720
477/720
478/720
479/720
480/720
481/720
482/720
483/720
failed: ./sap_gcr_gpu.py  -r 1e-6 -i ../matrix/cgne_init_65536_dble_csr.dat -nr --ddtype binary64 --cdtype binary64 --sdtype binary32 -b0 4  -b1 4  -b2 4  -b3 4 --nkv 7 --ncy 5  --nmr 4 --nmx 500 -g -o sap_post_processing/sap_gcr_sf_16x16x16x16_r1e-6_dd_b64_cd_b64_sd_b32_bs_4x4x4x4_nkv7_ncy5_nmr4_gpu.json
484/720
--------------------started-------------------
--------------------started-------------------
482/720
483/720
484/720
485/720
486/720
487/720
488/720
489/720
490/720
491/720
492/720
493/720
494/720
495/720
496/720
497/720
498/720
499/720
500/720
501/720
502/720
503/720
504/720
505/720
506/720
507/720
508/720
509/720
510/720
511/720
512/720
513/720
514/720
515/720
516/720
517/720
518/720
519/720
520/720
521/720
522/720
523/720
524/720
525/720
526/720
527/720
528/720
529/720
530/720
531/720
532/720
failed: ./sap_gcr_gpu.py  -r 1e-6 -i ../matrix/cgne_init_65536_dble_csr.dat -nr --ddtype binary64 --cdtype binary32 --sdtype binary32 -b0 4  -b1 4  -b2 4  -b3 4 --nkv 7 --ncy 10 --nmr 4 --nmx 250 -g -o sap_post_processing/sap_gcr_sf_16x16x16x16_r1e-6_dd_b64_cd_b32_sd_b32_bs_4x4x4x4_nkv7_ncy10_nmr4_gpu.json
533/720
failed: ./sap_gcr_gpu.py  -r 1e-6 -i ../matrix/cgne_init_65536_dble_csr.dat -nr --ddtype binary64 --cdtype binary32 --sdtype binary32 -b0 4  -b1 4  -b2 4  -b3 4 --nkv 7 --ncy 20 --nmr 4 --nmx 125 -g -o sap_post_processing/sap_gcr_sf_16x16x16x16_r1e-6_dd_b64_cd_b32_sd_b32_bs_4x4x4x4_nkv7_ncy20_nmr4_gpu.json
534/720
failed: ./sap_gcr_gpu.py  -r 1e-6 -i ../matrix/cgne_init_65536_dble_csr.dat -nr --ddtype binary64 --cdtype binary32 --sdtype binary32 -b0 8  -b1 4  -b2 4  -b3 4 --nkv 7 -np -nr --nmx 10000 -g -o sap_post_processing/sap_gcr_sf_16x16x16x16_r1e-6_dd_b64_cd_b32_sd_b32_bs_8x4x4x4_nkv7_np_gpu.json
535/720
failed: ./sap_gcr_gpu.py  -r 1e-6 -i ../matrix/cgne_init_65536_dble_csr.dat -nr --ddtype binary64 --cdtype binary32 --sdtype binary32 -b0 8  -b1 4  -b2 4  -b3 4 --nkv 7 --ncy 1  --nmr 4 --nmx 2500 -g -o sap_post_processing/sap_gcr_sf_16x16x16x16_r1e-6_dd_b64_cd_b32_sd_b32_bs_8x4x4x4_nkv7_ncy1_nmr4_gpu.json
536/720
failed: ./sap_gcr_gpu.py  -r 1e-6 -i ../matrix/cgne_init_65536_dble_csr.dat -nr --ddtype binary64 --cdtype binary32 --sdtype binary32 -b0 8  -b1 4  -b2 4  -b3 4 --nkv 7 --ncy 2  --nmr 4 --nmx 1250 -g -o sap_post_processing/sap_gcr_sf_16x16x16x16_r1e-6_dd_b64_cd_b32_sd_b32_bs_8x4x4x4_nkv7_ncy2_nmr4_gpu.json
537/720
failed: ./sap_gcr_gpu.py  -r 1e-6 -i ../matrix/cgne_init_65536_dble_csr.dat -nr --ddtype binary64 --cdtype binary32 --sdtype binary32 -b0 8  -b1 4  -b2 4  -b3 4 --nkv 7 --ncy 5  --nmr 4 --nmx 500 -g -o sap_post_processing/sap_gcr_sf_16x16x16x16_r1e-6_dd_b64_cd_b32_sd_b32_bs_8x4x4x4_nkv7_ncy5_nmr4_gpu.json
538/720
failed: ./sap_gcr_gpu.py  -r 1e-6 -i ../matrix/cgne_init_65536_dble_csr.dat -nr --ddtype binary64 --cdtype binary32 --sdtype binary32 -b0 8  -b1 4  -b2 4  -b3 4 --nkv 7 --ncy 10 --nmr 4 --nmx 250 -g -o sap_post_processing/sap_gcr_sf_16x16x16x16_r1e-6_dd_b64_cd_b32_sd_b32_bs_8x4x4x4_nkv7_ncy10_nmr4_gpu.json
539/720
failed: ./sap_gcr_gpu.py  -r 1e-6 -i ../matrix/cgne_init_65536_dble_csr.dat -nr --ddtype binary64 --cdtype binary32 --sdtype binary32 -b0 8  -b1 4  -b2 4  -b3 4 --nkv 7 --ncy 20 --nmr 4 --nmx 125 -g -o sap_post_processing/sap_gcr_sf_16x16x16x16_r1e-6_dd_b64_cd_b32_sd_b32_bs_8x4x4x4_nkv7_ncy20_nmr4_gpu.json
540/720
failed: ./sap_gcr_gpu.py  -r 1e-6 -i ../matrix/cgne_init_65536_dble_csr.dat -nr --ddtype binary64 --cdtype binary32 --sdtype binary32 -b0 8  -b1 8  -b2 4  -b3 4 --nkv 7 -np -nr --nmx 10000 -g -o sap_post_processing/sap_gcr_sf_16x16x16x16_r1e-6_dd_b64_cd_b32_sd_b32_bs_8x8x4x4_nkv7_np_gpu.json
541/720
failed: ./sap_gcr_gpu.py  -r 1e-6 -i ../matrix/cgne_init_65536_dble_csr.dat -nr --ddtype binary64 --cdtype binary32 --sdtype binary32 -b0 8  -b1 8  -b2 4  -b3 4 --nkv 7 --ncy 1  --nmr 4 --nmx 2500 -g -o sap_post_processing/sap_gcr_sf_16x16x16x16_r1e-6_dd_b64_cd_b32_sd_b32_bs_8x8x4x4_nkv7_ncy1_nmr4_gpu.json
542/720
--------------------started-------------------
530/720
531/720
532/720
533/720
534/720
535/720
536/720
537/720
538/720
539/720
540/720
541/720
542/720
543/720
544/720
545/720
546/720
547/720
548/720
549/720
550/720
551/720
552/720
553/720
554/720
555/720
556/720
557/720
558/720
559/720
560/720
561/720
562/720
563/720
564/720
565/720
566/720
567/720
568/720
569/720
570/720
571/720
572/720
573/720
574/720
575/720
576/720
577/720
578/720
579/720
580/720
581/720
582/720
583/720
584/720
585/720
586/720
587/720
588/720
589/720
590/720
591/720
592/720
593/720
594/720
595/720
596/720
597/720
598/720
599/720
600/720
601/720
602/720
603/720
604/720
605/720
606/720
607/720
608/720
609/720
610/720
611/720
612/720
613/720
614/720
615/720
616/720
617/720
618/720
619/720
620/720
621/720
622/720
623/720
624/720
625/720
626/720
627/720
628/720
629/720
630/720
631/720
632/720
633/720
634/720
635/720
636/720
637/720
638/720
639/720
640/720
641/720
642/720
643/720
644/720
645/720
646/720
647/720
648/720
649/720
650/720
651/720
652/720
653/720
654/720
655/720
656/720
657/720
658/720
659/720
660/720
661/720
662/720
663/720
664/720
665/720
666/720
667/720
668/720
669/720
670/720
671/720
672/720
673/720
674/720
675/720
676/720
677/720
678/720
679/720
680/720
681/720
682/720
683/720
684/720
685/720
686/720
687/720
688/720
--------------------started-------------------
687/720
688/720
689/720
690/720
691/720
692/720
693/720
694/720
695/720
696/720
697/720
698/720
699/720
700/720
701/720
702/720
703/720
704/720
705/720
706/720
707/720
708/720
709/720
710/720
711/720
712/720
713/720
714/720
715/720
716/720
717/720
718/720
719/720
720/720
--------------------stopped-------------------
--------------------started-------------------
1/72
2/72
3/72
4/72
5/72
6/72
7/72
8/72
9/72
10/72
11/72
12/72
13/72
14/72
15/72
16/72
17/72
18/72
19/72
20/72
21/72
22/72
23/72
24/72
25/72
26/72
27/72
28/72
29/72
30/72
31/72
32/72
33/72
34/72
35/72
36/72
37/72
38/72
39/72
40/72
41/72
42/72
43/72
44/72
45/72
46/72
47/72
48/72
49/72
50/72
51/72
52/72
53/72
54/72
55/72
56/72
57/72
58/72
59/72
60/72
61/72
62/72
63/72
64/72
65/72
66/72
67/72
68/72
69/72
70/72
71/72
72/72
--------------------stopped-------------------
