
Check and performance of the SAP+GCR solver
-------------------------------------------

8x8x8x8 lattice, 1x1x1x1 process grid, 8x8x8x8 local lattice

Gauge group: SU(3)xU(1)

Periodic boundary conditions in space
SF boundary conditions in time
Physical lattice 8x8x8x8
su3phi = 0.12,-0.56,0.44
su3phi' = 0.92,0.76,-1.68
u1phi = 1.32
u1phi' = -0.92

mu = 2.000000
eoflg = 1

bs = (4,4,4,4)
nmr = 4
ncy = 20

nkv = 7
nmx = 125
res = 1.00e-06

Configurations pedro01n20 -> pedro01n20 in steps of 1

Configuration type SU(3)xU(1) no 20
isolv = 0:
status = -1
rho   = 2.03e+01, res   = 1.00e-06
check = 2.03e+01, check = 9.78e-02
time = 4.17e+01 sec (total)


isolv = 1:
status = -1
rho   = 2.02e+02, res   = 1.00e-06
check = 2.02e+02, check = 9.74e-01
time = 4.59e+01 sec (total)


