
Check and performance of the SAP+GCR solver
-------------------------------------------

8x8x8x8 lattice, 1x1x1x1 process grid, 8x8x8x8 local lattice

Gauge group: SU(3)xU(1)

Periodic boundary conditions in space
SF boundary conditions in time
Physical lattice 8x8x8x8
su3phi = 0.12,-0.56,0.44
su3phi' = 0.92,0.76,-1.68
u1phi = 1.32
u1phi' = -0.92

mu = 2.000000
eoflg = 1

bs = (4,4,4,4)
nmr = 4
ncy = 2

nkv = 7
nmx = 1250
res = 1.00e-06

Configurations pedro01n20 -> pedro01n20 in steps of 1

Configuration type SU(3)xU(1) no 20
isolv = 0:
status = 14
rho   = 7.06e-05, res   = 1.00e-06
check = 7.06e-05, check = 3.41e-07
time = 5.04e-01 sec (total)
     = 8.79e+00 usec (per point and GCR iteration)

isolv = 1:
status = 17
rho   = 1.07e-04, res   = 1.00e-06
check = 1.07e-04, check = 5.18e-07
time = 6.70e-01 sec (total)
     = 9.62e+00 usec (per point and GCR iteration)

