
Check and performance of the SAP+GCR solver
-------------------------------------------

8x8x8x8 lattice, 1x1x1x1 process grid, 8x8x8x8 local lattice

Gauge group: SU(3)xU(1)

Periodic boundary conditions in space
SF boundary conditions in time
Physical lattice 8x8x8x8
su3phi = 0.12,-0.56,0.44
su3phi' = 0.92,0.76,-1.68
u1phi = 1.32
u1phi' = -0.92

mu = 2.000000
eoflg = 1

bs = (4,4,4,4)
nmr = 2
ncy = 12

nkv = 7
nmx = 417
res = 1.00e-06

Configurations pedro01n20 -> pedro01n20 in steps of 1

Configuration type SU(3)xU(1) no 20
isolv = 0:
status = 143
rho   = 1.96e-04, res   = 1.00e-06
check = 1.96e-04, check = 9.48e-07
time = 1.56e+01 sec (total)
     = 2.67e+01 usec (per point and GCR iteration)

isolv = 1:
status = -1
rho   = 6.86e-01, res   = 1.00e-06
check = 6.86e-01, check = 3.31e-03
time = 5.76e+01 sec (total)


